
*** Running vivado
    with args -log design_1_m00_data_fifo_0.vds -m64 -product Vivado -mode batch -messageDb vivado.pb -notrace -source design_1_m00_data_fifo_0.tcl


****** Vivado v2017.1 (64-bit)
  **** SW Build 1846317 on Fri Apr 14 18:55:03 MDT 2017
  **** IP Build 1846188 on Fri Apr 14 20:52:08 MDT 2017
    ** Copyright 1986-2017 Xilinx, Inc. All Rights Reserved.

source design_1_m00_data_fifo_0.tcl -notrace
Starting RTL Elaboration : Time (s): cpu = 00:00:05 ; elapsed = 00:00:07 . Memory (MB): peak = 328.445 ; gain = 91.008
INFO: [Synth 8-638] synthesizing module 'design_1_m00_data_fifo_0' [c:/Xilinx/Prj/Zhdmi/VideoProcessing_BSD/VideoProcessing_BSD.srcs/sources_1/bd/design_1/ip/design_1_m00_data_fifo_0/synth/design_1_m00_data_fifo_0.v:58]
INFO: [Synth 8-638] synthesizing module 'axi_data_fifo_v2_1_11_axi_data_fifo' [c:/Xilinx/Prj/Zhdmi/VideoProcessing_BSD/VideoProcessing_BSD.srcs/sources_1/bd/design_1/ipshared/5235/hdl/axi_data_fifo_v2_1_vl_rfs.v:1283]
INFO: [Synth 8-256] done synthesizing module 'axi_data_fifo_v2_1_11_axi_data_fifo' (30#1) [c:/Xilinx/Prj/Zhdmi/VideoProcessing_BSD/VideoProcessing_BSD.srcs/sources_1/bd/design_1/ipshared/5235/hdl/axi_data_fifo_v2_1_vl_rfs.v:1283]
INFO: [Synth 8-256] done synthesizing module 'design_1_m00_data_fifo_0' (31#1) [c:/Xilinx/Prj/Zhdmi/VideoProcessing_BSD/VideoProcessing_BSD.srcs/sources_1/bd/design_1/ip/design_1_m00_data_fifo_0/synth/design_1_m00_data_fifo_0.v:58]
Finished RTL Elaboration : Time (s): cpu = 00:01:34 ; elapsed = 00:01:37 . Memory (MB): peak = 618.613 ; gain = 381.176
Finished RTL Optimization Phase 1 : Time (s): cpu = 00:01:34 ; elapsed = 00:01:37 . Memory (MB): peak = 618.613 ; gain = 381.176
INFO: [Device 21-403] Loading part xc7z010clg400-1
Constraint Validation Runtime : Time (s): cpu = 00:00:00 ; elapsed = 00:00:00.044 . Memory (MB): peak = 709.785 ; gain = 1.938
Finished Constraint Validation : Time (s): cpu = 00:01:45 ; elapsed = 00:01:49 . Memory (MB): peak = 709.785 ; gain = 472.348
Finished Loading Part and Timing Information : Time (s): cpu = 00:01:45 ; elapsed = 00:01:49 . Memory (MB): peak = 709.785 ; gain = 472.348
Finished applying 'set_property' XDC Constraints : Time (s): cpu = 00:01:45 ; elapsed = 00:01:49 . Memory (MB): peak = 709.785 ; gain = 472.348
Finished RTL Optimization Phase 2 : Time (s): cpu = 00:01:46 ; elapsed = 00:01:50 . Memory (MB): peak = 709.785 ; gain = 472.348
Finished Cross Boundary and Area Optimization : Time (s): cpu = 00:01:48 ; elapsed = 00:01:53 . Memory (MB): peak = 709.785 ; gain = 472.348
---------------------------------------------------------------------------------
Start ROM, RAM, DSP and Shift Register Reporting
---------------------------------------------------------------------------------

Distributed RAM: Preliminary Mapping  Report (see note below)
+------------------------------+-----------------------------------------------------------------------------------------------------------+----------------+----------------------+---------------+
|Module Name                   | RTL Object                                                                                                | Inference      | Size (Depth x Width) | Primitives    | 
+------------------------------+-----------------------------------------------------------------------------------------------------------+----------------+----------------------+---------------+
|inst/\gen_fifo.fifo_gen_inst  | inst_fifo_gen/gaxi_full_lite.gwrite_ch.gwach2.axi_wach/grf.rf/gntv_or_sync_fifo.mem/gdm.dm_gen.dm/RAM_reg | User Attribute | 32 x 63              | RAM32M x 11   | 
|inst/\gen_fifo.fifo_gen_inst  | inst_fifo_gen/gaxi_full_lite.gread_ch.grach2.axi_rach/grf.rf/gntv_or_sync_fifo.mem/gdm.dm_gen.dm/RAM_reg  | User Attribute | 32 x 63              | RAM32M x 11   | 
+------------------------------+-----------------------------------------------------------------------------------------------------------+----------------+----------------------+---------------+

Note: The table above is a preliminary report that shows the Distributed RAMs at the current stage of the synthesis flow. Some Distributed RAMs may be reimplemented as non Distributed RAM primitives later in the synthesis flow. Multiple instantiated RAMs are reported only once.
---------------------------------------------------------------------------------
Finished ROM, RAM, DSP and Shift Register Reporting
---------------------------------------------------------------------------------
Finished Applying XDC Timing Constraints : Time (s): cpu = 00:01:57 ; elapsed = 00:02:03 . Memory (MB): peak = 718.758 ; gain = 481.320
Finished Timing Optimization : Time (s): cpu = 00:01:58 ; elapsed = 00:02:04 . Memory (MB): peak = 741.031 ; gain = 503.594
Finished Technology Mapping : Time (s): cpu = 00:01:59 ; elapsed = 00:02:04 . Memory (MB): peak = 750.965 ; gain = 513.527
Finished IO Insertion : Time (s): cpu = 00:01:59 ; elapsed = 00:02:05 . Memory (MB): peak = 750.965 ; gain = 513.527
Finished Renaming Generated Instances : Time (s): cpu = 00:01:59 ; elapsed = 00:02:05 . Memory (MB): peak = 750.965 ; gain = 513.527
Finished Rebuilding User Hierarchy : Time (s): cpu = 00:02:00 ; elapsed = 00:02:05 . Memory (MB): peak = 750.965 ; gain = 513.527
Finished Renaming Generated Ports : Time (s): cpu = 00:02:00 ; elapsed = 00:02:05 . Memory (MB): peak = 750.965 ; gain = 513.527
Finished Handling Custom Attributes : Time (s): cpu = 00:02:00 ; elapsed = 00:02:05 . Memory (MB): peak = 750.965 ; gain = 513.527
Finished Renaming Generated Nets : Time (s): cpu = 00:02:00 ; elapsed = 00:02:05 . Memory (MB): peak = 750.965 ; gain = 513.527

Report Cell Usage: 
+------+---------+------+
|      |Cell     |Count |
+------+---------+------+
|1     |CARRY4   |    11|
|2     |LUT1     |    29|
|3     |LUT2     |    73|
|4     |LUT3     |    34|
|5     |LUT4     |    77|
|6     |LUT5     |    43|
|7     |LUT6     |    33|
|8     |MUXCY    |    40|
|9     |RAM32M   |    22|
|10    |RAMB18E1 |     1|
|11    |RAMB36E1 |     2|
|12    |FDCE     |    53|
|13    |FDPE     |   136|
|14    |FDRE     |   667|
|15    |FDSE     |    10|
+------+---------+------+
Finished Writing Synthesis Report : Time (s): cpu = 00:02:00 ; elapsed = 00:02:05 . Memory (MB): peak = 750.965 ; gain = 513.527
synth_design: Time (s): cpu = 00:02:02 ; elapsed = 00:02:08 . Memory (MB): peak = 750.965 ; gain = 514.680
