
*** Running vivado
    with args -log design_1_s00_data_fifo_0.vds -m64 -product Vivado -mode batch -messageDb vivado.pb -notrace -source design_1_s00_data_fifo_0.tcl


****** Vivado v2017.1 (64-bit)
  **** SW Build 1846317 on Fri Apr 14 18:55:03 MDT 2017
  **** IP Build 1846188 on Fri Apr 14 20:52:08 MDT 2017
    ** Copyright 1986-2017 Xilinx, Inc. All Rights Reserved.

source design_1_s00_data_fifo_0.tcl -notrace
Starting RTL Elaboration : Time (s): cpu = 00:00:06 ; elapsed = 00:00:07 . Memory (MB): peak = 329.008 ; gain = 91.570
INFO: [Synth 8-638] synthesizing module 'design_1_s00_data_fifo_0' [c:/Xilinx/Prj/Zhdmi/VideoProcessing_BSD/VideoProcessing_BSD.srcs/sources_1/bd/design_1/ip/design_1_s00_data_fifo_0/synth/design_1_s00_data_fifo_0.v:58]
INFO: [Synth 8-638] synthesizing module 'axi_data_fifo_v2_1_11_axi_data_fifo' [c:/Xilinx/Prj/Zhdmi/VideoProcessing_BSD/VideoProcessing_BSD.srcs/sources_1/bd/design_1/ipshared/5235/hdl/axi_data_fifo_v2_1_vl_rfs.v:1283]
INFO: [Synth 8-256] done synthesizing module 'axi_data_fifo_v2_1_11_axi_data_fifo' (30#1) [c:/Xilinx/Prj/Zhdmi/VideoProcessing_BSD/VideoProcessing_BSD.srcs/sources_1/bd/design_1/ipshared/5235/hdl/axi_data_fifo_v2_1_vl_rfs.v:1283]
INFO: [Synth 8-256] done synthesizing module 'design_1_s00_data_fifo_0' (31#1) [c:/Xilinx/Prj/Zhdmi/VideoProcessing_BSD/VideoProcessing_BSD.srcs/sources_1/bd/design_1/ip/design_1_s00_data_fifo_0/synth/design_1_s00_data_fifo_0.v:58]
Finished RTL Elaboration : Time (s): cpu = 00:00:54 ; elapsed = 00:00:56 . Memory (MB): peak = 608.160 ; gain = 370.723
Finished RTL Optimization Phase 1 : Time (s): cpu = 00:00:54 ; elapsed = 00:00:56 . Memory (MB): peak = 608.160 ; gain = 370.723
INFO: [Device 21-403] Loading part xc7z010clg400-1
Constraint Validation Runtime : Time (s): cpu = 00:00:00 ; elapsed = 00:00:00.028 . Memory (MB): peak = 690.137 ; gain = 1.316
Finished Constraint Validation : Time (s): cpu = 00:01:04 ; elapsed = 00:01:07 . Memory (MB): peak = 690.137 ; gain = 452.699
Finished Loading Part and Timing Information : Time (s): cpu = 00:01:04 ; elapsed = 00:01:07 . Memory (MB): peak = 690.137 ; gain = 452.699
Finished applying 'set_property' XDC Constraints : Time (s): cpu = 00:01:04 ; elapsed = 00:01:07 . Memory (MB): peak = 690.137 ; gain = 452.699
Finished RTL Optimization Phase 2 : Time (s): cpu = 00:01:05 ; elapsed = 00:01:08 . Memory (MB): peak = 690.137 ; gain = 452.699
Finished Cross Boundary and Area Optimization : Time (s): cpu = 00:01:06 ; elapsed = 00:01:10 . Memory (MB): peak = 690.137 ; gain = 452.699
---------------------------------------------------------------------------------
Start ROM, RAM, DSP and Shift Register Reporting
---------------------------------------------------------------------------------

Distributed RAM: Preliminary Mapping  Report (see note below)
+------------------------------+-----------------------------------------------------------------------------------------------------------+----------------+----------------------+---------------+
|Module Name                   | RTL Object                                                                                                | Inference      | Size (Depth x Width) | Primitives    | 
+------------------------------+-----------------------------------------------------------------------------------------------------------+----------------+----------------------+---------------+
|inst/\gen_fifo.fifo_gen_inst  | inst_fifo_gen/gaxi_full_lite.gwrite_ch.gwach2.axi_wach/grf.rf/gntv_or_sync_fifo.mem/gdm.dm_gen.dm/RAM_reg | User Attribute | 32 x 63              | RAM32M x 11   | 
+------------------------------+-----------------------------------------------------------------------------------------------------------+----------------+----------------------+---------------+

Note: The table above is a preliminary report that shows the Distributed RAMs at the current stage of the synthesis flow. Some Distributed RAMs may be reimplemented as non Distributed RAM primitives later in the synthesis flow. Multiple instantiated RAMs are reported only once.
---------------------------------------------------------------------------------
Finished ROM, RAM, DSP and Shift Register Reporting
---------------------------------------------------------------------------------
Finished Applying XDC Timing Constraints : Time (s): cpu = 00:01:15 ; elapsed = 00:01:19 . Memory (MB): peak = 708.598 ; gain = 471.160
Finished Timing Optimization : Time (s): cpu = 00:01:16 ; elapsed = 00:01:19 . Memory (MB): peak = 709.578 ; gain = 472.141
Finished Technology Mapping : Time (s): cpu = 00:01:16 ; elapsed = 00:01:20 . Memory (MB): peak = 730.184 ; gain = 492.746
Finished IO Insertion : Time (s): cpu = 00:01:16 ; elapsed = 00:01:20 . Memory (MB): peak = 730.184 ; gain = 492.746
Finished Renaming Generated Instances : Time (s): cpu = 00:01:16 ; elapsed = 00:01:20 . Memory (MB): peak = 730.184 ; gain = 492.746
Finished Rebuilding User Hierarchy : Time (s): cpu = 00:01:16 ; elapsed = 00:01:20 . Memory (MB): peak = 730.184 ; gain = 492.746
Finished Renaming Generated Ports : Time (s): cpu = 00:01:16 ; elapsed = 00:01:20 . Memory (MB): peak = 730.184 ; gain = 492.746
Finished Handling Custom Attributes : Time (s): cpu = 00:01:16 ; elapsed = 00:01:20 . Memory (MB): peak = 730.184 ; gain = 492.746
Finished Renaming Generated Nets : Time (s): cpu = 00:01:16 ; elapsed = 00:01:20 . Memory (MB): peak = 730.184 ; gain = 492.746

Report Cell Usage: 
+------+---------+------+
|      |Cell     |Count |
+------+---------+------+
|1     |CARRY4   |     3|
|2     |LUT1     |    15|
|3     |LUT2     |    39|
|4     |LUT3     |    11|
|5     |LUT4     |    37|
|6     |LUT5     |    17|
|7     |LUT6     |    13|
|8     |MUXCY    |    20|
|9     |RAM32M   |    11|
|10    |RAMB18E1 |     1|
|11    |RAMB36E1 |     1|
|12    |FDCE     |    22|
|13    |FDPE     |    74|
|14    |FDRE     |   343|
|15    |FDSE     |     5|
+------+---------+------+
Finished Writing Synthesis Report : Time (s): cpu = 00:01:16 ; elapsed = 00:01:20 . Memory (MB): peak = 730.184 ; gain = 492.746
synth_design: Time (s): cpu = 00:01:19 ; elapsed = 00:01:23 . Memory (MB): peak = 730.324 ; gain = 494.066
