
*** Running vivado
    with args -log design_1_axi_vdma_0_0.vds -m64 -product Vivado -mode batch -messageDb vivado.pb -notrace -source design_1_axi_vdma_0_0.tcl


****** Vivado v2017.1 (64-bit)
  **** SW Build 1846317 on Fri Apr 14 18:55:03 MDT 2017
  **** IP Build 1846188 on Fri Apr 14 20:52:08 MDT 2017
    ** Copyright 1986-2017 Xilinx, Inc. All Rights Reserved.

source design_1_axi_vdma_0_0.tcl -notrace
Starting RTL Elaboration : Time (s): cpu = 00:00:06 ; elapsed = 00:00:07 . Memory (MB): peak = 335.512 ; gain = 91.281
INFO: [Synth 8-638] synthesizing module 'design_1_axi_vdma_0_0' [c:/Xilinx/Prj/Zhdmi/VideoProcessing_BSD/VideoProcessing_BSD.srcs/sources_1/bd/design_1/ip/design_1_axi_vdma_0_0/synth/design_1_axi_vdma_0_0.vhd:131]
INFO: [Synth 8-638] synthesizing module 'axi_vdma' [c:/Xilinx/Prj/Zhdmi/VideoProcessing_BSD/VideoProcessing_BSD.srcs/sources_1/bd/design_1/ipshared/47ae/hdl/axi_vdma_v6_3_rfs.vhd:69480]
INFO: [Synth 8-638] synthesizing module 'axi_vdma_rst_module' [c:/Xilinx/Prj/Zhdmi/VideoProcessing_BSD/VideoProcessing_BSD.srcs/sources_1/bd/design_1/ipshared/47ae/hdl/axi_vdma_v6_3_rfs.vhd:16457]
INFO: [Synth 8-638] synthesizing module 'axi_vdma_reset' [c:/Xilinx/Prj/Zhdmi/VideoProcessing_BSD/VideoProcessing_BSD.srcs/sources_1/bd/design_1/ipshared/47ae/hdl/axi_vdma_v6_3_rfs.vhd:14862]
INFO: [Synth 8-638] synthesizing module 'cdc_sync' [c:/Xilinx/Prj/Zhdmi/VideoProcessing_BSD/VideoProcessing_BSD.srcs/sources_1/bd/design_1/ipshared/52cb/hdl/lib_cdc_v1_0_rfs.vhd:106]
INFO: [Synth 8-256] done synthesizing module 'cdc_sync' (1#1) [c:/Xilinx/Prj/Zhdmi/VideoProcessing_BSD/VideoProcessing_BSD.srcs/sources_1/bd/design_1/ipshared/52cb/hdl/lib_cdc_v1_0_rfs.vhd:106]
INFO: [Synth 8-638] synthesizing module 'cdc_sync__parameterized0' [c:/Xilinx/Prj/Zhdmi/VideoProcessing_BSD/VideoProcessing_BSD.srcs/sources_1/bd/design_1/ipshared/52cb/hdl/lib_cdc_v1_0_rfs.vhd:106]
INFO: [Synth 8-256] done synthesizing module 'cdc_sync__parameterized0' (1#1) [c:/Xilinx/Prj/Zhdmi/VideoProcessing_BSD/VideoProcessing_BSD.srcs/sources_1/bd/design_1/ipshared/52cb/hdl/lib_cdc_v1_0_rfs.vhd:106]
INFO: [Synth 8-256] done synthesizing module 'axi_vdma_reset' (2#1) [c:/Xilinx/Prj/Zhdmi/VideoProcessing_BSD/VideoProcessing_BSD.srcs/sources_1/bd/design_1/ipshared/47ae/hdl/axi_vdma_v6_3_rfs.vhd:14862]
INFO: [Synth 8-256] done synthesizing module 'axi_vdma_rst_module' (3#1) [c:/Xilinx/Prj/Zhdmi/VideoProcessing_BSD/VideoProcessing_BSD.srcs/sources_1/bd/design_1/ipshared/47ae/hdl/axi_vdma_v6_3_rfs.vhd:16457]
INFO: [Synth 8-638] synthesizing module 'axi_vdma_reg_if' [c:/Xilinx/Prj/Zhdmi/VideoProcessing_BSD/VideoProcessing_BSD.srcs/sources_1/bd/design_1/ipshared/47ae/hdl/axi_vdma_v6_3_rfs.vhd:39644]
INFO: [Synth 8-638] synthesizing module 'axi_vdma_lite_if' [c:/Xilinx/Prj/Zhdmi/VideoProcessing_BSD/VideoProcessing_BSD.srcs/sources_1/bd/design_1/ipshared/47ae/hdl/axi_vdma_v6_3_rfs.vhd:16952]
INFO: [Synth 8-638] synthesizing module 'cdc_sync__parameterized1' [c:/Xilinx/Prj/Zhdmi/VideoProcessing_BSD/VideoProcessing_BSD.srcs/sources_1/bd/design_1/ipshared/52cb/hdl/lib_cdc_v1_0_rfs.vhd:106]
INFO: [Synth 8-256] done synthesizing module 'cdc_sync__parameterized1' (3#1) [c:/Xilinx/Prj/Zhdmi/VideoProcessing_BSD/VideoProcessing_BSD.srcs/sources_1/bd/design_1/ipshared/52cb/hdl/lib_cdc_v1_0_rfs.vhd:106]
INFO: [Synth 8-256] done synthesizing module 'axi_vdma_lite_if' (4#1) [c:/Xilinx/Prj/Zhdmi/VideoProcessing_BSD/VideoProcessing_BSD.srcs/sources_1/bd/design_1/ipshared/47ae/hdl/axi_vdma_v6_3_rfs.vhd:16952]
INFO: [Synth 8-638] synthesizing module 'cdc_sync__parameterized2' [c:/Xilinx/Prj/Zhdmi/VideoProcessing_BSD/VideoProcessing_BSD.srcs/sources_1/bd/design_1/ipshared/52cb/hdl/lib_cdc_v1_0_rfs.vhd:106]
INFO: [Synth 8-256] done synthesizing module 'cdc_sync__parameterized2' (4#1) [c:/Xilinx/Prj/Zhdmi/VideoProcessing_BSD/VideoProcessing_BSD.srcs/sources_1/bd/design_1/ipshared/52cb/hdl/lib_cdc_v1_0_rfs.vhd:106]
INFO: [Synth 8-256] done synthesizing module 'axi_vdma_reg_if' (5#1) [c:/Xilinx/Prj/Zhdmi/VideoProcessing_BSD/VideoProcessing_BSD.srcs/sources_1/bd/design_1/ipshared/47ae/hdl/axi_vdma_v6_3_rfs.vhd:39644]
INFO: [Synth 8-638] synthesizing module 'axi_vdma_intrpt' [c:/Xilinx/Prj/Zhdmi/VideoProcessing_BSD/VideoProcessing_BSD.srcs/sources_1/bd/design_1/ipshared/47ae/hdl/axi_vdma_v6_3_rfs.vhd:40370]
INFO: [Synth 8-256] done synthesizing module 'axi_vdma_intrpt' (6#1) [c:/Xilinx/Prj/Zhdmi/VideoProcessing_BSD/VideoProcessing_BSD.srcs/sources_1/bd/design_1/ipshared/47ae/hdl/axi_vdma_v6_3_rfs.vhd:40370]
INFO: [Synth 8-638] synthesizing module 'axi_vdma_mm2s_axis_dwidth_converter' [c:/Xilinx/Prj/Zhdmi/VideoProcessing_BSD/VideoProcessing_BSD.srcs/sources_1/bd/design_1/ipshared/47ae/hdl/axi_vdma_v6_3_rfs.vhd:68170]
INFO: [Synth 8-638] synthesizing module 'axi_vdma_v6_3_0_axis_dwidth_converter_v1_0_axis_dwidth_converter' [c:/Xilinx/Prj/Zhdmi/VideoProcessing_BSD/VideoProcessing_BSD.srcs/sources_1/bd/design_1/ipshared/47ae/hdl/axi_vdma_v6_3_rfs.v:1938]
INFO: [Synth 8-638] synthesizing module 'axi_vdma_v6_3_0_axis_dwidth_converter_v1_0_axisc_upsizer' [c:/Xilinx/Prj/Zhdmi/VideoProcessing_BSD/VideoProcessing_BSD.srcs/sources_1/bd/design_1/ipshared/47ae/hdl/axi_vdma_v6_3_rfs.v:1191]
INFO: [Synth 8-256] done synthesizing module 'axi_vdma_v6_3_0_axis_dwidth_converter_v1_0_axisc_upsizer' (7#1) [c:/Xilinx/Prj/Zhdmi/VideoProcessing_BSD/VideoProcessing_BSD.srcs/sources_1/bd/design_1/ipshared/47ae/hdl/axi_vdma_v6_3_rfs.v:1191]
INFO: [Synth 8-638] synthesizing module 'axi_vdma_v6_3_0_axis_dwidth_converter_v1_0_axisc_downsizer' [c:/Xilinx/Prj/Zhdmi/VideoProcessing_BSD/VideoProcessing_BSD.srcs/sources_1/bd/design_1/ipshared/47ae/hdl/axi_vdma_v6_3_rfs.v:1558]
INFO: [Synth 8-256] done synthesizing module 'axi_vdma_v6_3_0_axis_dwidth_converter_v1_0_axisc_downsizer' (8#1) [c:/Xilinx/Prj/Zhdmi/VideoProcessing_BSD/VideoProcessing_BSD.srcs/sources_1/bd/design_1/ipshared/47ae/hdl/axi_vdma_v6_3_rfs.v:1558]
INFO: [Synth 8-638] synthesizing module 'axi_vdma_v6_3_0_axis_register_slice_v1_0_axis_register_slice' [c:/Xilinx/Prj/Zhdmi/VideoProcessing_BSD/VideoProcessing_BSD.srcs/sources_1/bd/design_1/ipshared/47ae/hdl/axi_vdma_v6_3_rfs.v:979]
INFO: [Synth 8-638] synthesizing module 'axi_vdma_v6_3_0_axis_infrastructure_v1_0_util_axis2vector' [c:/Xilinx/Prj/Zhdmi/VideoProcessing_BSD/VideoProcessing_BSD.srcs/sources_1/bd/design_1/ipshared/47ae/hdl/axi_vdma_v6_3_rfs.v:63]
INFO: [Synth 8-256] done synthesizing module 'axi_vdma_v6_3_0_axis_infrastructure_v1_0_util_axis2vector' (9#1) [c:/Xilinx/Prj/Zhdmi/VideoProcessing_BSD/VideoProcessing_BSD.srcs/sources_1/bd/design_1/ipshared/47ae/hdl/axi_vdma_v6_3_rfs.v:63]
INFO: [Synth 8-638] synthesizing module 'axi_vdma_v6_3_0_axis_register_slice_v1_0_axisc_register_slice' [c:/Xilinx/Prj/Zhdmi/VideoProcessing_BSD/VideoProcessing_BSD.srcs/sources_1/bd/design_1/ipshared/47ae/hdl/axi_vdma_v6_3_rfs.v:391]
INFO: [Synth 8-256] done synthesizing module 'axi_vdma_v6_3_0_axis_register_slice_v1_0_axisc_register_slice' (10#1) [c:/Xilinx/Prj/Zhdmi/VideoProcessing_BSD/VideoProcessing_BSD.srcs/sources_1/bd/design_1/ipshared/47ae/hdl/axi_vdma_v6_3_rfs.v:391]
INFO: [Synth 8-638] synthesizing module 'axi_vdma_v6_3_0_axis_infrastructure_v1_0_util_vector2axis' [c:/Xilinx/Prj/Zhdmi/VideoProcessing_BSD/VideoProcessing_BSD.srcs/sources_1/bd/design_1/ipshared/47ae/hdl/axi_vdma_v6_3_rfs.v:228]
INFO: [Synth 8-256] done synthesizing module 'axi_vdma_v6_3_0_axis_infrastructure_v1_0_util_vector2axis' (11#1) [c:/Xilinx/Prj/Zhdmi/VideoProcessing_BSD/VideoProcessing_BSD.srcs/sources_1/bd/design_1/ipshared/47ae/hdl/axi_vdma_v6_3_rfs.v:228]
INFO: [Synth 8-256] done synthesizing module 'axi_vdma_v6_3_0_axis_register_slice_v1_0_axis_register_slice' (12#1) [c:/Xilinx/Prj/Zhdmi/VideoProcessing_BSD/VideoProcessing_BSD.srcs/sources_1/bd/design_1/ipshared/47ae/hdl/axi_vdma_v6_3_rfs.v:979]
INFO: [Synth 8-638] synthesizing module 'axi_vdma_v6_3_0_axis_register_slice_v1_0_axis_register_slice__parameterized0' [c:/Xilinx/Prj/Zhdmi/VideoProcessing_BSD/VideoProcessing_BSD.srcs/sources_1/bd/design_1/ipshared/47ae/hdl/axi_vdma_v6_3_rfs.v:979]
INFO: [Synth 8-638] synthesizing module 'axi_vdma_v6_3_0_axis_infrastructure_v1_0_util_axis2vector__parameterized0' [c:/Xilinx/Prj/Zhdmi/VideoProcessing_BSD/VideoProcessing_BSD.srcs/sources_1/bd/design_1/ipshared/47ae/hdl/axi_vdma_v6_3_rfs.v:63]
INFO: [Synth 8-256] done synthesizing module 'axi_vdma_v6_3_0_axis_infrastructure_v1_0_util_axis2vector__parameterized0' (12#1) [c:/Xilinx/Prj/Zhdmi/VideoProcessing_BSD/VideoProcessing_BSD.srcs/sources_1/bd/design_1/ipshared/47ae/hdl/axi_vdma_v6_3_rfs.v:63]
INFO: [Synth 8-638] synthesizing module 'axi_vdma_v6_3_0_axis_register_slice_v1_0_axisc_register_slice__parameterized0' [c:/Xilinx/Prj/Zhdmi/VideoProcessing_BSD/VideoProcessing_BSD.srcs/sources_1/bd/design_1/ipshared/47ae/hdl/axi_vdma_v6_3_rfs.v:391]
INFO: [Synth 8-256] done synthesizing module 'axi_vdma_v6_3_0_axis_register_slice_v1_0_axisc_register_slice__parameterized0' (12#1) [c:/Xilinx/Prj/Zhdmi/VideoProcessing_BSD/VideoProcessing_BSD.srcs/sources_1/bd/design_1/ipshared/47ae/hdl/axi_vdma_v6_3_rfs.v:391]
INFO: [Synth 8-638] synthesizing module 'axi_vdma_v6_3_0_axis_infrastructure_v1_0_util_vector2axis__parameterized0' [c:/Xilinx/Prj/Zhdmi/VideoProcessing_BSD/VideoProcessing_BSD.srcs/sources_1/bd/design_1/ipshared/47ae/hdl/axi_vdma_v6_3_rfs.v:228]
INFO: [Synth 8-256] done synthesizing module 'axi_vdma_v6_3_0_axis_infrastructure_v1_0_util_vector2axis__parameterized0' (12#1) [c:/Xilinx/Prj/Zhdmi/VideoProcessing_BSD/VideoProcessing_BSD.srcs/sources_1/bd/design_1/ipshared/47ae/hdl/axi_vdma_v6_3_rfs.v:228]
INFO: [Synth 8-256] done synthesizing module 'axi_vdma_v6_3_0_axis_register_slice_v1_0_axis_register_slice__parameterized0' (12#1) [c:/Xilinx/Prj/Zhdmi/VideoProcessing_BSD/VideoProcessing_BSD.srcs/sources_1/bd/design_1/ipshared/47ae/hdl/axi_vdma_v6_3_rfs.v:979]
INFO: [Synth 8-256] done synthesizing module 'axi_vdma_v6_3_0_axis_dwidth_converter_v1_0_axis_dwidth_converter' (13#1) [c:/Xilinx/Prj/Zhdmi/VideoProcessing_BSD/VideoProcessing_BSD.srcs/sources_1/bd/design_1/ipshared/47ae/hdl/axi_vdma_v6_3_rfs.v:1938]
INFO: [Synth 8-256] done synthesizing module 'axi_vdma_mm2s_axis_dwidth_converter' (14#1) [c:/Xilinx/Prj/Zhdmi/VideoProcessing_BSD/VideoProcessing_BSD.srcs/sources_1/bd/design_1/ipshared/47ae/hdl/axi_vdma_v6_3_rfs.vhd:68170]
INFO: [Synth 8-638] synthesizing module 'axi_vdma_reg_module' [c:/Xilinx/Prj/Zhdmi/VideoProcessing_BSD/VideoProcessing_BSD.srcs/sources_1/bd/design_1/ipshared/47ae/hdl/axi_vdma_v6_3_rfs.vhd:38829]
INFO: [Synth 8-638] synthesizing module 'axi_vdma_register' [c:/Xilinx/Prj/Zhdmi/VideoProcessing_BSD/VideoProcessing_BSD.srcs/sources_1/bd/design_1/ipshared/47ae/hdl/axi_vdma_v6_3_rfs.vhd:18712]
INFO: [Synth 8-256] done synthesizing module 'axi_vdma_register' (15#1) [c:/Xilinx/Prj/Zhdmi/VideoProcessing_BSD/VideoProcessing_BSD.srcs/sources_1/bd/design_1/ipshared/47ae/hdl/axi_vdma_v6_3_rfs.vhd:18712]
INFO: [Synth 8-638] synthesizing module 'axi_vdma_regdirect' [c:/Xilinx/Prj/Zhdmi/VideoProcessing_BSD/VideoProcessing_BSD.srcs/sources_1/bd/design_1/ipshared/47ae/hdl/axi_vdma_v6_3_rfs.vhd:20526]
INFO: [Synth 8-256] done synthesizing module 'axi_vdma_regdirect' (16#1) [c:/Xilinx/Prj/Zhdmi/VideoProcessing_BSD/VideoProcessing_BSD.srcs/sources_1/bd/design_1/ipshared/47ae/hdl/axi_vdma_v6_3_rfs.vhd:20526]
INFO: [Synth 8-638] synthesizing module 'axi_vdma_reg_mux' [c:/Xilinx/Prj/Zhdmi/VideoProcessing_BSD/VideoProcessing_BSD.srcs/sources_1/bd/design_1/ipshared/47ae/hdl/axi_vdma_v6_3_rfs.vhd:29591]
INFO: [Synth 8-256] done synthesizing module 'axi_vdma_reg_mux' (17#1) [c:/Xilinx/Prj/Zhdmi/VideoProcessing_BSD/VideoProcessing_BSD.srcs/sources_1/bd/design_1/ipshared/47ae/hdl/axi_vdma_v6_3_rfs.vhd:29591]
INFO: [Synth 8-256] done synthesizing module 'axi_vdma_reg_module' (18#1) [c:/Xilinx/Prj/Zhdmi/VideoProcessing_BSD/VideoProcessing_BSD.srcs/sources_1/bd/design_1/ipshared/47ae/hdl/axi_vdma_v6_3_rfs.vhd:38829]
INFO: [Synth 8-638] synthesizing module 'axi_vdma_mngr' [c:/Xilinx/Prj/Zhdmi/VideoProcessing_BSD/VideoProcessing_BSD.srcs/sources_1/bd/design_1/ipshared/47ae/hdl/axi_vdma_v6_3_rfs.vhd:63815]
INFO: [Synth 8-638] synthesizing module 'axi_vdma_sm' [c:/Xilinx/Prj/Zhdmi/VideoProcessing_BSD/VideoProcessing_BSD.srcs/sources_1/bd/design_1/ipshared/47ae/hdl/axi_vdma_v6_3_rfs.vhd:61558]
INFO: [Synth 8-256] done synthesizing module 'axi_vdma_sm' (19#1) [c:/Xilinx/Prj/Zhdmi/VideoProcessing_BSD/VideoProcessing_BSD.srcs/sources_1/bd/design_1/ipshared/47ae/hdl/axi_vdma_v6_3_rfs.vhd:61558]
INFO: [Synth 8-638] synthesizing module 'axi_vdma_cmdsts_if' [c:/Xilinx/Prj/Zhdmi/VideoProcessing_BSD/VideoProcessing_BSD.srcs/sources_1/bd/design_1/ipshared/47ae/hdl/axi_vdma_v6_3_rfs.vhd:62697]
INFO: [Synth 8-256] done synthesizing module 'axi_vdma_cmdsts_if' (20#1) [c:/Xilinx/Prj/Zhdmi/VideoProcessing_BSD/VideoProcessing_BSD.srcs/sources_1/bd/design_1/ipshared/47ae/hdl/axi_vdma_v6_3_rfs.vhd:62697]
INFO: [Synth 8-638] synthesizing module 'axi_vdma_sts_mngr' [c:/Xilinx/Prj/Zhdmi/VideoProcessing_BSD/VideoProcessing_BSD.srcs/sources_1/bd/design_1/ipshared/47ae/hdl/axi_vdma_v6_3_rfs.vhd:63204]
INFO: [Synth 8-256] done synthesizing module 'axi_vdma_sts_mngr' (21#1) [c:/Xilinx/Prj/Zhdmi/VideoProcessing_BSD/VideoProcessing_BSD.srcs/sources_1/bd/design_1/ipshared/47ae/hdl/axi_vdma_v6_3_rfs.vhd:63204]
INFO: [Synth 8-638] synthesizing module 'axi_vdma_vidreg_module' [c:/Xilinx/Prj/Zhdmi/VideoProcessing_BSD/VideoProcessing_BSD.srcs/sources_1/bd/design_1/ipshared/47ae/hdl/axi_vdma_v6_3_rfs.vhd:55739]
INFO: [Synth 8-638] synthesizing module 'axi_vdma_vregister' [c:/Xilinx/Prj/Zhdmi/VideoProcessing_BSD/VideoProcessing_BSD.srcs/sources_1/bd/design_1/ipshared/47ae/hdl/axi_vdma_v6_3_rfs.vhd:53625]
INFO: [Synth 8-256] done synthesizing module 'axi_vdma_vregister' (22#1) [c:/Xilinx/Prj/Zhdmi/VideoProcessing_BSD/VideoProcessing_BSD.srcs/sources_1/bd/design_1/ipshared/47ae/hdl/axi_vdma_v6_3_rfs.vhd:53625]
INFO: [Synth 8-638] synthesizing module 'axi_vdma_vaddrreg_mux' [c:/Xilinx/Prj/Zhdmi/VideoProcessing_BSD/VideoProcessing_BSD.srcs/sources_1/bd/design_1/ipshared/47ae/hdl/axi_vdma_v6_3_rfs.vhd:55216]
INFO: [Synth 8-256] done synthesizing module 'axi_vdma_vaddrreg_mux' (23#1) [c:/Xilinx/Prj/Zhdmi/VideoProcessing_BSD/VideoProcessing_BSD.srcs/sources_1/bd/design_1/ipshared/47ae/hdl/axi_vdma_v6_3_rfs.vhd:55216]
INFO: [Synth 8-256] done synthesizing module 'axi_vdma_vidreg_module' (24#1) [c:/Xilinx/Prj/Zhdmi/VideoProcessing_BSD/VideoProcessing_BSD.srcs/sources_1/bd/design_1/ipshared/47ae/hdl/axi_vdma_v6_3_rfs.vhd:55739]
INFO: [Synth 8-638] synthesizing module 'axi_vdma_genlock_mngr' [c:/Xilinx/Prj/Zhdmi/VideoProcessing_BSD/VideoProcessing_BSD.srcs/sources_1/bd/design_1/ipshared/47ae/hdl/axi_vdma_v6_3_rfs.vhd:58282]
INFO: [Synth 8-638] synthesizing module 'axi_vdma_greycoder' [c:/Xilinx/Prj/Zhdmi/VideoProcessing_BSD/VideoProcessing_BSD.srcs/sources_1/bd/design_1/ipshared/47ae/hdl/axi_vdma_v6_3_rfs.vhd:57995]
INFO: [Synth 8-256] done synthesizing module 'axi_vdma_greycoder' (25#1) [c:/Xilinx/Prj/Zhdmi/VideoProcessing_BSD/VideoProcessing_BSD.srcs/sources_1/bd/design_1/ipshared/47ae/hdl/axi_vdma_v6_3_rfs.vhd:57995]
INFO: [Synth 8-256] done synthesizing module 'axi_vdma_genlock_mngr' (26#1) [c:/Xilinx/Prj/Zhdmi/VideoProcessing_BSD/VideoProcessing_BSD.srcs/sources_1/bd/design_1/ipshared/47ae/hdl/axi_vdma_v6_3_rfs.vhd:58282]
INFO: [Synth 8-256] done synthesizing module 'axi_vdma_mngr' (27#1) [c:/Xilinx/Prj/Zhdmi/VideoProcessing_BSD/VideoProcessing_BSD.srcs/sources_1/bd/design_1/ipshared/47ae/hdl/axi_vdma_v6_3_rfs.vhd:63815]
INFO: [Synth 8-638] synthesizing module 'axi_vdma_fsync_gen' [c:/Xilinx/Prj/Zhdmi/VideoProcessing_BSD/VideoProcessing_BSD.srcs/sources_1/bd/design_1/ipshared/47ae/hdl/axi_vdma_v6_3_rfs.vhd:52754]
INFO: [Synth 8-256] done synthesizing module 'axi_vdma_fsync_gen' (28#1) [c:/Xilinx/Prj/Zhdmi/VideoProcessing_BSD/VideoProcessing_BSD.srcs/sources_1/bd/design_1/ipshared/47ae/hdl/axi_vdma_v6_3_rfs.vhd:52754]
INFO: [Synth 8-638] synthesizing module 'axi_vdma_vid_cdc' [c:/Xilinx/Prj/Zhdmi/VideoProcessing_BSD/VideoProcessing_BSD.srcs/sources_1/bd/design_1/ipshared/47ae/hdl/axi_vdma_v6_3_rfs.vhd:13249]
INFO: [Synth 8-256] done synthesizing module 'axi_vdma_vid_cdc' (29#1) [c:/Xilinx/Prj/Zhdmi/VideoProcessing_BSD/VideoProcessing_BSD.srcs/sources_1/bd/design_1/ipshared/47ae/hdl/axi_vdma_v6_3_rfs.vhd:13249]
INFO: [Synth 8-638] synthesizing module 'axi_vdma_sof_gen' [c:/Xilinx/Prj/Zhdmi/VideoProcessing_BSD/VideoProcessing_BSD.srcs/sources_1/bd/design_1/ipshared/47ae/hdl/axi_vdma_v6_3_rfs.vhd:40980]
INFO: [Synth 8-256] done synthesizing module 'axi_vdma_sof_gen' (30#1) [c:/Xilinx/Prj/Zhdmi/VideoProcessing_BSD/VideoProcessing_BSD.srcs/sources_1/bd/design_1/ipshared/47ae/hdl/axi_vdma_v6_3_rfs.vhd:40980]
INFO: [Synth 8-638] synthesizing module 'axi_vdma_mm2s_linebuf' [c:/Xilinx/Prj/Zhdmi/VideoProcessing_BSD/VideoProcessing_BSD.srcs/sources_1/bd/design_1/ipshared/47ae/hdl/axi_vdma_v6_3_rfs.vhd:45948]
INFO: [Synth 8-638] synthesizing module 'axi_vdma_afifo_builtin' [c:/Xilinx/Prj/Zhdmi/VideoProcessing_BSD/VideoProcessing_BSD.srcs/sources_1/bd/design_1/ipshared/47ae/hdl/axi_vdma_v6_3_rfs.vhd:43237]
INFO: [Synth 8-256] done synthesizing module 'axi_vdma_afifo_builtin' (41#1) [c:/Xilinx/Prj/Zhdmi/VideoProcessing_BSD/VideoProcessing_BSD.srcs/sources_1/bd/design_1/ipshared/47ae/hdl/axi_vdma_v6_3_rfs.vhd:43237]
INFO: [Synth 8-638] synthesizing module 'axi_vdma_skid_buf' [c:/Xilinx/Prj/Zhdmi/VideoProcessing_BSD/VideoProcessing_BSD.srcs/sources_1/bd/design_1/ipshared/47ae/hdl/axi_vdma_v6_3_rfs.vhd:41227]
INFO: [Synth 8-256] done synthesizing module 'axi_vdma_skid_buf' (42#1) [c:/Xilinx/Prj/Zhdmi/VideoProcessing_BSD/VideoProcessing_BSD.srcs/sources_1/bd/design_1/ipshared/47ae/hdl/axi_vdma_v6_3_rfs.vhd:41227]
INFO: [Synth 8-638] synthesizing module 'cdc_sync__parameterized3' [c:/Xilinx/Prj/Zhdmi/VideoProcessing_BSD/VideoProcessing_BSD.srcs/sources_1/bd/design_1/ipshared/52cb/hdl/lib_cdc_v1_0_rfs.vhd:106]
INFO: [Synth 8-256] done synthesizing module 'cdc_sync__parameterized3' (42#1) [c:/Xilinx/Prj/Zhdmi/VideoProcessing_BSD/VideoProcessing_BSD.srcs/sources_1/bd/design_1/ipshared/52cb/hdl/lib_cdc_v1_0_rfs.vhd:106]
INFO: [Synth 8-256] done synthesizing module 'axi_vdma_mm2s_linebuf' (43#1) [c:/Xilinx/Prj/Zhdmi/VideoProcessing_BSD/VideoProcessing_BSD.srcs/sources_1/bd/design_1/ipshared/47ae/hdl/axi_vdma_v6_3_rfs.vhd:45948]
INFO: [Synth 8-638] synthesizing module 'axi_vdma_skid_buf__parameterized0' [c:/Xilinx/Prj/Zhdmi/VideoProcessing_BSD/VideoProcessing_BSD.srcs/sources_1/bd/design_1/ipshared/47ae/hdl/axi_vdma_v6_3_rfs.vhd:41227]
INFO: [Synth 8-256] done synthesizing module 'axi_vdma_skid_buf__parameterized0' (43#1) [c:/Xilinx/Prj/Zhdmi/VideoProcessing_BSD/VideoProcessing_BSD.srcs/sources_1/bd/design_1/ipshared/47ae/hdl/axi_vdma_v6_3_rfs.vhd:41227]
INFO: [Synth 8-638] synthesizing module 'axi_vdma_s2mm_axis_dwidth_converter' [c:/Xilinx/Prj/Zhdmi/VideoProcessing_BSD/VideoProcessing_BSD.srcs/sources_1/bd/design_1/ipshared/47ae/hdl/axi_vdma_v6_3_rfs.vhd:68664]
INFO: [Synth 8-638] synthesizing module 'axi_vdma_v6_3_0_axis_dwidth_converter_v1_0_axis_dwidth_converter__parameterized1' [c:/Xilinx/Prj/Zhdmi/VideoProcessing_BSD/VideoProcessing_BSD.srcs/sources_1/bd/design_1/ipshared/47ae/hdl/axi_vdma_v6_3_rfs.v:1938]
INFO: [Synth 8-638] synthesizing module 'axi_vdma_v6_3_0_axis_dwidth_converter_v1_0_axisc_upsizer__parameterized0' [c:/Xilinx/Prj/Zhdmi/VideoProcessing_BSD/VideoProcessing_BSD.srcs/sources_1/bd/design_1/ipshared/47ae/hdl/axi_vdma_v6_3_rfs.v:1191]
INFO: [Synth 8-256] done synthesizing module 'axi_vdma_v6_3_0_axis_dwidth_converter_v1_0_axisc_upsizer__parameterized0' (43#1) [c:/Xilinx/Prj/Zhdmi/VideoProcessing_BSD/VideoProcessing_BSD.srcs/sources_1/bd/design_1/ipshared/47ae/hdl/axi_vdma_v6_3_rfs.v:1191]
INFO: [Synth 8-638] synthesizing module 'axi_vdma_v6_3_0_axis_dwidth_converter_v1_0_axisc_downsizer__parameterized0' [c:/Xilinx/Prj/Zhdmi/VideoProcessing_BSD/VideoProcessing_BSD.srcs/sources_1/bd/design_1/ipshared/47ae/hdl/axi_vdma_v6_3_rfs.v:1558]
INFO: [Synth 8-256] done synthesizing module 'axi_vdma_v6_3_0_axis_dwidth_converter_v1_0_axisc_downsizer__parameterized0' (43#1) [c:/Xilinx/Prj/Zhdmi/VideoProcessing_BSD/VideoProcessing_BSD.srcs/sources_1/bd/design_1/ipshared/47ae/hdl/axi_vdma_v6_3_rfs.v:1558]
INFO: [Synth 8-256] done synthesizing module 'axi_vdma_v6_3_0_axis_dwidth_converter_v1_0_axis_dwidth_converter__parameterized1' (43#1) [c:/Xilinx/Prj/Zhdmi/VideoProcessing_BSD/VideoProcessing_BSD.srcs/sources_1/bd/design_1/ipshared/47ae/hdl/axi_vdma_v6_3_rfs.v:1938]
INFO: [Synth 8-256] done synthesizing module 'axi_vdma_s2mm_axis_dwidth_converter' (44#1) [c:/Xilinx/Prj/Zhdmi/VideoProcessing_BSD/VideoProcessing_BSD.srcs/sources_1/bd/design_1/ipshared/47ae/hdl/axi_vdma_v6_3_rfs.vhd:68664]
INFO: [Synth 8-638] synthesizing module 'axi_vdma_reg_module__parameterized0' [c:/Xilinx/Prj/Zhdmi/VideoProcessing_BSD/VideoProcessing_BSD.srcs/sources_1/bd/design_1/ipshared/47ae/hdl/axi_vdma_v6_3_rfs.vhd:38829]
INFO: [Synth 8-638] synthesizing module 'axi_vdma_register__parameterized0' [c:/Xilinx/Prj/Zhdmi/VideoProcessing_BSD/VideoProcessing_BSD.srcs/sources_1/bd/design_1/ipshared/47ae/hdl/axi_vdma_v6_3_rfs.vhd:18712]
INFO: [Synth 8-256] done synthesizing module 'axi_vdma_register__parameterized0' (44#1) [c:/Xilinx/Prj/Zhdmi/VideoProcessing_BSD/VideoProcessing_BSD.srcs/sources_1/bd/design_1/ipshared/47ae/hdl/axi_vdma_v6_3_rfs.vhd:18712]
INFO: [Synth 8-638] synthesizing module 'axi_vdma_reg_mux__parameterized0' [c:/Xilinx/Prj/Zhdmi/VideoProcessing_BSD/VideoProcessing_BSD.srcs/sources_1/bd/design_1/ipshared/47ae/hdl/axi_vdma_v6_3_rfs.vhd:29591]
INFO: [Synth 8-256] done synthesizing module 'axi_vdma_reg_mux__parameterized0' (44#1) [c:/Xilinx/Prj/Zhdmi/VideoProcessing_BSD/VideoProcessing_BSD.srcs/sources_1/bd/design_1/ipshared/47ae/hdl/axi_vdma_v6_3_rfs.vhd:29591]
INFO: [Synth 8-256] done synthesizing module 'axi_vdma_reg_module__parameterized0' (44#1) [c:/Xilinx/Prj/Zhdmi/VideoProcessing_BSD/VideoProcessing_BSD.srcs/sources_1/bd/design_1/ipshared/47ae/hdl/axi_vdma_v6_3_rfs.vhd:38829]
INFO: [Synth 8-638] synthesizing module 'axi_vdma_mngr__parameterized0' [c:/Xilinx/Prj/Zhdmi/VideoProcessing_BSD/VideoProcessing_BSD.srcs/sources_1/bd/design_1/ipshared/47ae/hdl/axi_vdma_v6_3_rfs.vhd:63815]
INFO: [Synth 8-638] synthesizing module 'axi_vdma_sm__parameterized0' [c:/Xilinx/Prj/Zhdmi/VideoProcessing_BSD/VideoProcessing_BSD.srcs/sources_1/bd/design_1/ipshared/47ae/hdl/axi_vdma_v6_3_rfs.vhd:61558]
INFO: [Synth 8-256] done synthesizing module 'axi_vdma_sm__parameterized0' (44#1) [c:/Xilinx/Prj/Zhdmi/VideoProcessing_BSD/VideoProcessing_BSD.srcs/sources_1/bd/design_1/ipshared/47ae/hdl/axi_vdma_v6_3_rfs.vhd:61558]
INFO: [Synth 8-638] synthesizing module 'axi_vdma_cmdsts_if__parameterized0' [c:/Xilinx/Prj/Zhdmi/VideoProcessing_BSD/VideoProcessing_BSD.srcs/sources_1/bd/design_1/ipshared/47ae/hdl/axi_vdma_v6_3_rfs.vhd:62697]
INFO: [Synth 8-256] done synthesizing module 'axi_vdma_cmdsts_if__parameterized0' (44#1) [c:/Xilinx/Prj/Zhdmi/VideoProcessing_BSD/VideoProcessing_BSD.srcs/sources_1/bd/design_1/ipshared/47ae/hdl/axi_vdma_v6_3_rfs.vhd:62697]
INFO: [Synth 8-256] done synthesizing module 'axi_vdma_mngr__parameterized0' (44#1) [c:/Xilinx/Prj/Zhdmi/VideoProcessing_BSD/VideoProcessing_BSD.srcs/sources_1/bd/design_1/ipshared/47ae/hdl/axi_vdma_v6_3_rfs.vhd:63815]
INFO: [Synth 8-638] synthesizing module 'axi_vdma_fsync_gen__parameterized0' [c:/Xilinx/Prj/Zhdmi/VideoProcessing_BSD/VideoProcessing_BSD.srcs/sources_1/bd/design_1/ipshared/47ae/hdl/axi_vdma_v6_3_rfs.vhd:52754]
INFO: [Synth 8-256] done synthesizing module 'axi_vdma_fsync_gen__parameterized0' (44#1) [c:/Xilinx/Prj/Zhdmi/VideoProcessing_BSD/VideoProcessing_BSD.srcs/sources_1/bd/design_1/ipshared/47ae/hdl/axi_vdma_v6_3_rfs.vhd:52754]
INFO: [Synth 8-638] synthesizing module 'axi_vdma_s2mm_linebuf' [c:/Xilinx/Prj/Zhdmi/VideoProcessing_BSD/VideoProcessing_BSD.srcs/sources_1/bd/design_1/ipshared/47ae/hdl/axi_vdma_v6_3_rfs.vhd:48936]
INFO: [Synth 8-638] synthesizing module 'axi_vdma_afifo_builtin__parameterized0' [c:/Xilinx/Prj/Zhdmi/VideoProcessing_BSD/VideoProcessing_BSD.srcs/sources_1/bd/design_1/ipshared/47ae/hdl/axi_vdma_v6_3_rfs.vhd:43237]
INFO: [Synth 8-256] done synthesizing module 'axi_vdma_afifo_builtin__parameterized0' (44#1) [c:/Xilinx/Prj/Zhdmi/VideoProcessing_BSD/VideoProcessing_BSD.srcs/sources_1/bd/design_1/ipshared/47ae/hdl/axi_vdma_v6_3_rfs.vhd:43237]
INFO: [Synth 8-256] done synthesizing module 'axi_vdma_s2mm_linebuf' (45#1) [c:/Xilinx/Prj/Zhdmi/VideoProcessing_BSD/VideoProcessing_BSD.srcs/sources_1/bd/design_1/ipshared/47ae/hdl/axi_vdma_v6_3_rfs.vhd:48936]
INFO: [Synth 8-638] synthesizing module 'axi_datamover' [c:/Xilinx/Prj/Zhdmi/VideoProcessing_BSD/VideoProcessing_BSD.srcs/sources_1/bd/design_1/ipshared/9afd/hdl/axi_datamover_v5_1_vh_rfs.vhd:55410]
INFO: [Synth 8-638] synthesizing module 'axi_datamover_mm2s_full_wrap' [c:/Xilinx/Prj/Zhdmi/VideoProcessing_BSD/VideoProcessing_BSD.srcs/sources_1/bd/design_1/ipshared/9afd/hdl/axi_datamover_v5_1_vh_rfs.vhd:53548]
INFO: [Synth 8-638] synthesizing module 'axi_datamover_reset' [c:/Xilinx/Prj/Zhdmi/VideoProcessing_BSD/VideoProcessing_BSD.srcs/sources_1/bd/design_1/ipshared/9afd/hdl/axi_datamover_v5_1_vh_rfs.vhd:153]
INFO: [Synth 8-256] done synthesizing module 'axi_datamover_reset' (46#1) [c:/Xilinx/Prj/Zhdmi/VideoProcessing_BSD/VideoProcessing_BSD.srcs/sources_1/bd/design_1/ipshared/9afd/hdl/axi_datamover_v5_1_vh_rfs.vhd:153]
INFO: [Synth 8-638] synthesizing module 'axi_datamover_cmd_status' [c:/Xilinx/Prj/Zhdmi/VideoProcessing_BSD/VideoProcessing_BSD.srcs/sources_1/bd/design_1/ipshared/9afd/hdl/axi_datamover_v5_1_vh_rfs.vhd:2693]
INFO: [Synth 8-638] synthesizing module 'axi_datamover_fifo' [c:/Xilinx/Prj/Zhdmi/VideoProcessing_BSD/VideoProcessing_BSD.srcs/sources_1/bd/design_1/ipshared/9afd/hdl/axi_datamover_v5_1_vh_rfs.vhd:1881]
INFO: [Synth 8-638] synthesizing module 'srl_fifo_f' [c:/Xilinx/Prj/Zhdmi/VideoProcessing_BSD/VideoProcessing_BSD.srcs/sources_1/bd/design_1/ipshared/6039/hdl/lib_srl_fifo_v1_0_rfs.vhd:1000]
INFO: [Synth 8-638] synthesizing module 'srl_fifo_rbu_f' [c:/Xilinx/Prj/Zhdmi/VideoProcessing_BSD/VideoProcessing_BSD.srcs/sources_1/bd/design_1/ipshared/6039/hdl/lib_srl_fifo_v1_0_rfs.vhd:697]
INFO: [Synth 8-638] synthesizing module 'cntr_incr_decr_addn_f' [c:/Xilinx/Prj/Zhdmi/VideoProcessing_BSD/VideoProcessing_BSD.srcs/sources_1/bd/design_1/ipshared/6039/hdl/lib_srl_fifo_v1_0_rfs.vhd:143]
INFO: [Synth 8-256] done synthesizing module 'cntr_incr_decr_addn_f' (47#1) [c:/Xilinx/Prj/Zhdmi/VideoProcessing_BSD/VideoProcessing_BSD.srcs/sources_1/bd/design_1/ipshared/6039/hdl/lib_srl_fifo_v1_0_rfs.vhd:143]
INFO: [Synth 8-638] synthesizing module 'dynshreg_f' [c:/Xilinx/Prj/Zhdmi/VideoProcessing_BSD/VideoProcessing_BSD.srcs/sources_1/bd/design_1/ipshared/6039/hdl/lib_srl_fifo_v1_0_rfs.vhd:397]
INFO: [Synth 8-256] done synthesizing module 'dynshreg_f' (48#1) [c:/Xilinx/Prj/Zhdmi/VideoProcessing_BSD/VideoProcessing_BSD.srcs/sources_1/bd/design_1/ipshared/6039/hdl/lib_srl_fifo_v1_0_rfs.vhd:397]
INFO: [Synth 8-256] done synthesizing module 'srl_fifo_rbu_f' (49#1) [c:/Xilinx/Prj/Zhdmi/VideoProcessing_BSD/VideoProcessing_BSD.srcs/sources_1/bd/design_1/ipshared/6039/hdl/lib_srl_fifo_v1_0_rfs.vhd:697]
INFO: [Synth 8-256] done synthesizing module 'srl_fifo_f' (50#1) [c:/Xilinx/Prj/Zhdmi/VideoProcessing_BSD/VideoProcessing_BSD.srcs/sources_1/bd/design_1/ipshared/6039/hdl/lib_srl_fifo_v1_0_rfs.vhd:1000]
INFO: [Synth 8-256] done synthesizing module 'axi_datamover_fifo' (51#1) [c:/Xilinx/Prj/Zhdmi/VideoProcessing_BSD/VideoProcessing_BSD.srcs/sources_1/bd/design_1/ipshared/9afd/hdl/axi_datamover_v5_1_vh_rfs.vhd:1881]
INFO: [Synth 8-638] synthesizing module 'axi_datamover_fifo__parameterized0' [c:/Xilinx/Prj/Zhdmi/VideoProcessing_BSD/VideoProcessing_BSD.srcs/sources_1/bd/design_1/ipshared/9afd/hdl/axi_datamover_v5_1_vh_rfs.vhd:1881]
INFO: [Synth 8-638] synthesizing module 'srl_fifo_f__parameterized0' [c:/Xilinx/Prj/Zhdmi/VideoProcessing_BSD/VideoProcessing_BSD.srcs/sources_1/bd/design_1/ipshared/6039/hdl/lib_srl_fifo_v1_0_rfs.vhd:1000]
INFO: [Synth 8-638] synthesizing module 'srl_fifo_rbu_f__parameterized0' [c:/Xilinx/Prj/Zhdmi/VideoProcessing_BSD/VideoProcessing_BSD.srcs/sources_1/bd/design_1/ipshared/6039/hdl/lib_srl_fifo_v1_0_rfs.vhd:697]
INFO: [Synth 8-638] synthesizing module 'dynshreg_f__parameterized0' [c:/Xilinx/Prj/Zhdmi/VideoProcessing_BSD/VideoProcessing_BSD.srcs/sources_1/bd/design_1/ipshared/6039/hdl/lib_srl_fifo_v1_0_rfs.vhd:397]
INFO: [Synth 8-256] done synthesizing module 'dynshreg_f__parameterized0' (51#1) [c:/Xilinx/Prj/Zhdmi/VideoProcessing_BSD/VideoProcessing_BSD.srcs/sources_1/bd/design_1/ipshared/6039/hdl/lib_srl_fifo_v1_0_rfs.vhd:397]
INFO: [Synth 8-256] done synthesizing module 'srl_fifo_rbu_f__parameterized0' (51#1) [c:/Xilinx/Prj/Zhdmi/VideoProcessing_BSD/VideoProcessing_BSD.srcs/sources_1/bd/design_1/ipshared/6039/hdl/lib_srl_fifo_v1_0_rfs.vhd:697]
INFO: [Synth 8-256] done synthesizing module 'srl_fifo_f__parameterized0' (51#1) [c:/Xilinx/Prj/Zhdmi/VideoProcessing_BSD/VideoProcessing_BSD.srcs/sources_1/bd/design_1/ipshared/6039/hdl/lib_srl_fifo_v1_0_rfs.vhd:1000]
INFO: [Synth 8-256] done synthesizing module 'axi_datamover_fifo__parameterized0' (51#1) [c:/Xilinx/Prj/Zhdmi/VideoProcessing_BSD/VideoProcessing_BSD.srcs/sources_1/bd/design_1/ipshared/9afd/hdl/axi_datamover_v5_1_vh_rfs.vhd:1881]
INFO: [Synth 8-256] done synthesizing module 'axi_datamover_cmd_status' (52#1) [c:/Xilinx/Prj/Zhdmi/VideoProcessing_BSD/VideoProcessing_BSD.srcs/sources_1/bd/design_1/ipshared/9afd/hdl/axi_datamover_v5_1_vh_rfs.vhd:2693]
INFO: [Synth 8-638] synthesizing module 'axi_datamover_rd_status_cntl' [c:/Xilinx/Prj/Zhdmi/VideoProcessing_BSD/VideoProcessing_BSD.srcs/sources_1/bd/design_1/ipshared/9afd/hdl/axi_datamover_v5_1_vh_rfs.vhd:13741]
INFO: [Synth 8-256] done synthesizing module 'axi_datamover_rd_status_cntl' (53#1) [c:/Xilinx/Prj/Zhdmi/VideoProcessing_BSD/VideoProcessing_BSD.srcs/sources_1/bd/design_1/ipshared/9afd/hdl/axi_datamover_v5_1_vh_rfs.vhd:13741]
INFO: [Synth 8-638] synthesizing module 'axi_datamover_pcc' [c:/Xilinx/Prj/Zhdmi/VideoProcessing_BSD/VideoProcessing_BSD.srcs/sources_1/bd/design_1/ipshared/9afd/hdl/axi_datamover_v5_1_vh_rfs.vhd:7411]
INFO: [Synth 8-638] synthesizing module 'axi_datamover_strb_gen2' [c:/Xilinx/Prj/Zhdmi/VideoProcessing_BSD/VideoProcessing_BSD.srcs/sources_1/bd/design_1/ipshared/9afd/hdl/axi_datamover_v5_1_vh_rfs.vhd:4337]
INFO: [Synth 8-256] done synthesizing module 'axi_datamover_strb_gen2' (54#1) [c:/Xilinx/Prj/Zhdmi/VideoProcessing_BSD/VideoProcessing_BSD.srcs/sources_1/bd/design_1/ipshared/9afd/hdl/axi_datamover_v5_1_vh_rfs.vhd:4337]
INFO: [Synth 8-638] synthesizing module 'axi_datamover_strb_gen2__parameterized0' [c:/Xilinx/Prj/Zhdmi/VideoProcessing_BSD/VideoProcessing_BSD.srcs/sources_1/bd/design_1/ipshared/9afd/hdl/axi_datamover_v5_1_vh_rfs.vhd:4337]
INFO: [Synth 8-256] done synthesizing module 'axi_datamover_strb_gen2__parameterized0' (54#1) [c:/Xilinx/Prj/Zhdmi/VideoProcessing_BSD/VideoProcessing_BSD.srcs/sources_1/bd/design_1/ipshared/9afd/hdl/axi_datamover_v5_1_vh_rfs.vhd:4337]
INFO: [Synth 8-256] done synthesizing module 'axi_datamover_pcc' (55#1) [c:/Xilinx/Prj/Zhdmi/VideoProcessing_BSD/VideoProcessing_BSD.srcs/sources_1/bd/design_1/ipshared/9afd/hdl/axi_datamover_v5_1_vh_rfs.vhd:7411]
INFO: [Synth 8-638] synthesizing module 'axi_datamover_addr_cntl' [c:/Xilinx/Prj/Zhdmi/VideoProcessing_BSD/VideoProcessing_BSD.srcs/sources_1/bd/design_1/ipshared/9afd/hdl/axi_datamover_v5_1_vh_rfs.vhd:9995]
INFO: [Synth 8-638] synthesizing module 'axi_datamover_fifo__parameterized1' [c:/Xilinx/Prj/Zhdmi/VideoProcessing_BSD/VideoProcessing_BSD.srcs/sources_1/bd/design_1/ipshared/9afd/hdl/axi_datamover_v5_1_vh_rfs.vhd:1881]
INFO: [Synth 8-638] synthesizing module 'srl_fifo_f__parameterized1' [c:/Xilinx/Prj/Zhdmi/VideoProcessing_BSD/VideoProcessing_BSD.srcs/sources_1/bd/design_1/ipshared/6039/hdl/lib_srl_fifo_v1_0_rfs.vhd:1000]
INFO: [Synth 8-638] synthesizing module 'srl_fifo_rbu_f__parameterized1' [c:/Xilinx/Prj/Zhdmi/VideoProcessing_BSD/VideoProcessing_BSD.srcs/sources_1/bd/design_1/ipshared/6039/hdl/lib_srl_fifo_v1_0_rfs.vhd:697]
INFO: [Synth 8-638] synthesizing module 'dynshreg_f__parameterized1' [c:/Xilinx/Prj/Zhdmi/VideoProcessing_BSD/VideoProcessing_BSD.srcs/sources_1/bd/design_1/ipshared/6039/hdl/lib_srl_fifo_v1_0_rfs.vhd:397]
INFO: [Synth 8-256] done synthesizing module 'dynshreg_f__parameterized1' (55#1) [c:/Xilinx/Prj/Zhdmi/VideoProcessing_BSD/VideoProcessing_BSD.srcs/sources_1/bd/design_1/ipshared/6039/hdl/lib_srl_fifo_v1_0_rfs.vhd:397]
INFO: [Synth 8-256] done synthesizing module 'srl_fifo_rbu_f__parameterized1' (55#1) [c:/Xilinx/Prj/Zhdmi/VideoProcessing_BSD/VideoProcessing_BSD.srcs/sources_1/bd/design_1/ipshared/6039/hdl/lib_srl_fifo_v1_0_rfs.vhd:697]
INFO: [Synth 8-256] done synthesizing module 'srl_fifo_f__parameterized1' (55#1) [c:/Xilinx/Prj/Zhdmi/VideoProcessing_BSD/VideoProcessing_BSD.srcs/sources_1/bd/design_1/ipshared/6039/hdl/lib_srl_fifo_v1_0_rfs.vhd:1000]
INFO: [Synth 8-256] done synthesizing module 'axi_datamover_fifo__parameterized1' (55#1) [c:/Xilinx/Prj/Zhdmi/VideoProcessing_BSD/VideoProcessing_BSD.srcs/sources_1/bd/design_1/ipshared/9afd/hdl/axi_datamover_v5_1_vh_rfs.vhd:1881]
INFO: [Synth 8-256] done synthesizing module 'axi_datamover_addr_cntl' (56#1) [c:/Xilinx/Prj/Zhdmi/VideoProcessing_BSD/VideoProcessing_BSD.srcs/sources_1/bd/design_1/ipshared/9afd/hdl/axi_datamover_v5_1_vh_rfs.vhd:9995]
INFO: [Synth 8-638] synthesizing module 'axi_datamover_rddata_cntl' [c:/Xilinx/Prj/Zhdmi/VideoProcessing_BSD/VideoProcessing_BSD.srcs/sources_1/bd/design_1/ipshared/9afd/hdl/axi_datamover_v5_1_vh_rfs.vhd:12180]
INFO: [Synth 8-638] synthesizing module 'axi_datamover_rdmux' [c:/Xilinx/Prj/Zhdmi/VideoProcessing_BSD/VideoProcessing_BSD.srcs/sources_1/bd/design_1/ipshared/9afd/hdl/axi_datamover_v5_1_vh_rfs.vhd:10676]
INFO: [Synth 8-256] done synthesizing module 'axi_datamover_rdmux' (57#1) [c:/Xilinx/Prj/Zhdmi/VideoProcessing_BSD/VideoProcessing_BSD.srcs/sources_1/bd/design_1/ipshared/9afd/hdl/axi_datamover_v5_1_vh_rfs.vhd:10676]
INFO: [Synth 8-638] synthesizing module 'axi_datamover_fifo__parameterized2' [c:/Xilinx/Prj/Zhdmi/VideoProcessing_BSD/VideoProcessing_BSD.srcs/sources_1/bd/design_1/ipshared/9afd/hdl/axi_datamover_v5_1_vh_rfs.vhd:1881]
INFO: [Synth 8-638] synthesizing module 'srl_fifo_f__parameterized2' [c:/Xilinx/Prj/Zhdmi/VideoProcessing_BSD/VideoProcessing_BSD.srcs/sources_1/bd/design_1/ipshared/6039/hdl/lib_srl_fifo_v1_0_rfs.vhd:1000]
INFO: [Synth 8-638] synthesizing module 'srl_fifo_rbu_f__parameterized2' [c:/Xilinx/Prj/Zhdmi/VideoProcessing_BSD/VideoProcessing_BSD.srcs/sources_1/bd/design_1/ipshared/6039/hdl/lib_srl_fifo_v1_0_rfs.vhd:697]
INFO: [Synth 8-638] synthesizing module 'dynshreg_f__parameterized2' [c:/Xilinx/Prj/Zhdmi/VideoProcessing_BSD/VideoProcessing_BSD.srcs/sources_1/bd/design_1/ipshared/6039/hdl/lib_srl_fifo_v1_0_rfs.vhd:397]
INFO: [Synth 8-256] done synthesizing module 'dynshreg_f__parameterized2' (57#1) [c:/Xilinx/Prj/Zhdmi/VideoProcessing_BSD/VideoProcessing_BSD.srcs/sources_1/bd/design_1/ipshared/6039/hdl/lib_srl_fifo_v1_0_rfs.vhd:397]
INFO: [Synth 8-256] done synthesizing module 'srl_fifo_rbu_f__parameterized2' (57#1) [c:/Xilinx/Prj/Zhdmi/VideoProcessing_BSD/VideoProcessing_BSD.srcs/sources_1/bd/design_1/ipshared/6039/hdl/lib_srl_fifo_v1_0_rfs.vhd:697]
INFO: [Synth 8-256] done synthesizing module 'srl_fifo_f__parameterized2' (57#1) [c:/Xilinx/Prj/Zhdmi/VideoProcessing_BSD/VideoProcessing_BSD.srcs/sources_1/bd/design_1/ipshared/6039/hdl/lib_srl_fifo_v1_0_rfs.vhd:1000]
INFO: [Synth 8-256] done synthesizing module 'axi_datamover_fifo__parameterized2' (57#1) [c:/Xilinx/Prj/Zhdmi/VideoProcessing_BSD/VideoProcessing_BSD.srcs/sources_1/bd/design_1/ipshared/9afd/hdl/axi_datamover_v5_1_vh_rfs.vhd:1881]
INFO: [Synth 8-256] done synthesizing module 'axi_datamover_rddata_cntl' (58#1) [c:/Xilinx/Prj/Zhdmi/VideoProcessing_BSD/VideoProcessing_BSD.srcs/sources_1/bd/design_1/ipshared/9afd/hdl/axi_datamover_v5_1_vh_rfs.vhd:12180]
INFO: [Synth 8-256] done synthesizing module 'axi_datamover_mm2s_full_wrap' (59#1) [c:/Xilinx/Prj/Zhdmi/VideoProcessing_BSD/VideoProcessing_BSD.srcs/sources_1/bd/design_1/ipshared/9afd/hdl/axi_datamover_v5_1_vh_rfs.vhd:53548]
INFO: [Synth 8-638] synthesizing module 'axi_datamover_s2mm_full_wrap' [c:/Xilinx/Prj/Zhdmi/VideoProcessing_BSD/VideoProcessing_BSD.srcs/sources_1/bd/design_1/ipshared/9afd/hdl/axi_datamover_v5_1_vh_rfs.vhd:49982]
INFO: [Synth 8-638] synthesizing module 'axi_datamover_cmd_status__parameterized0' [c:/Xilinx/Prj/Zhdmi/VideoProcessing_BSD/VideoProcessing_BSD.srcs/sources_1/bd/design_1/ipshared/9afd/hdl/axi_datamover_v5_1_vh_rfs.vhd:2693]
INFO: [Synth 8-638] synthesizing module 'axi_datamover_fifo__parameterized3' [c:/Xilinx/Prj/Zhdmi/VideoProcessing_BSD/VideoProcessing_BSD.srcs/sources_1/bd/design_1/ipshared/9afd/hdl/axi_datamover_v5_1_vh_rfs.vhd:1881]
INFO: [Synth 8-638] synthesizing module 'srl_fifo_f__parameterized3' [c:/Xilinx/Prj/Zhdmi/VideoProcessing_BSD/VideoProcessing_BSD.srcs/sources_1/bd/design_1/ipshared/6039/hdl/lib_srl_fifo_v1_0_rfs.vhd:1000]
INFO: [Synth 8-638] synthesizing module 'srl_fifo_rbu_f__parameterized3' [c:/Xilinx/Prj/Zhdmi/VideoProcessing_BSD/VideoProcessing_BSD.srcs/sources_1/bd/design_1/ipshared/6039/hdl/lib_srl_fifo_v1_0_rfs.vhd:697]
INFO: [Synth 8-638] synthesizing module 'dynshreg_f__parameterized3' [c:/Xilinx/Prj/Zhdmi/VideoProcessing_BSD/VideoProcessing_BSD.srcs/sources_1/bd/design_1/ipshared/6039/hdl/lib_srl_fifo_v1_0_rfs.vhd:397]
INFO: [Synth 8-256] done synthesizing module 'dynshreg_f__parameterized3' (59#1) [c:/Xilinx/Prj/Zhdmi/VideoProcessing_BSD/VideoProcessing_BSD.srcs/sources_1/bd/design_1/ipshared/6039/hdl/lib_srl_fifo_v1_0_rfs.vhd:397]
INFO: [Synth 8-256] done synthesizing module 'srl_fifo_rbu_f__parameterized3' (59#1) [c:/Xilinx/Prj/Zhdmi/VideoProcessing_BSD/VideoProcessing_BSD.srcs/sources_1/bd/design_1/ipshared/6039/hdl/lib_srl_fifo_v1_0_rfs.vhd:697]
INFO: [Synth 8-256] done synthesizing module 'srl_fifo_f__parameterized3' (59#1) [c:/Xilinx/Prj/Zhdmi/VideoProcessing_BSD/VideoProcessing_BSD.srcs/sources_1/bd/design_1/ipshared/6039/hdl/lib_srl_fifo_v1_0_rfs.vhd:1000]
INFO: [Synth 8-256] done synthesizing module 'axi_datamover_fifo__parameterized3' (59#1) [c:/Xilinx/Prj/Zhdmi/VideoProcessing_BSD/VideoProcessing_BSD.srcs/sources_1/bd/design_1/ipshared/9afd/hdl/axi_datamover_v5_1_vh_rfs.vhd:1881]
INFO: [Synth 8-256] done synthesizing module 'axi_datamover_cmd_status__parameterized0' (59#1) [c:/Xilinx/Prj/Zhdmi/VideoProcessing_BSD/VideoProcessing_BSD.srcs/sources_1/bd/design_1/ipshared/9afd/hdl/axi_datamover_v5_1_vh_rfs.vhd:2693]
INFO: [Synth 8-638] synthesizing module 'axi_datamover_wr_status_cntl' [c:/Xilinx/Prj/Zhdmi/VideoProcessing_BSD/VideoProcessing_BSD.srcs/sources_1/bd/design_1/ipshared/9afd/hdl/axi_datamover_v5_1_vh_rfs.vhd:17697]
INFO: [Synth 8-638] synthesizing module 'axi_datamover_fifo__parameterized4' [c:/Xilinx/Prj/Zhdmi/VideoProcessing_BSD/VideoProcessing_BSD.srcs/sources_1/bd/design_1/ipshared/9afd/hdl/axi_datamover_v5_1_vh_rfs.vhd:1881]
INFO: [Synth 8-638] synthesizing module 'srl_fifo_f__parameterized4' [c:/Xilinx/Prj/Zhdmi/VideoProcessing_BSD/VideoProcessing_BSD.srcs/sources_1/bd/design_1/ipshared/6039/hdl/lib_srl_fifo_v1_0_rfs.vhd:1000]
INFO: [Synth 8-638] synthesizing module 'srl_fifo_rbu_f__parameterized4' [c:/Xilinx/Prj/Zhdmi/VideoProcessing_BSD/VideoProcessing_BSD.srcs/sources_1/bd/design_1/ipshared/6039/hdl/lib_srl_fifo_v1_0_rfs.vhd:697]
INFO: [Synth 8-638] synthesizing module 'cntr_incr_decr_addn_f__parameterized0' [c:/Xilinx/Prj/Zhdmi/VideoProcessing_BSD/VideoProcessing_BSD.srcs/sources_1/bd/design_1/ipshared/6039/hdl/lib_srl_fifo_v1_0_rfs.vhd:143]
INFO: [Synth 8-256] done synthesizing module 'cntr_incr_decr_addn_f__parameterized0' (59#1) [c:/Xilinx/Prj/Zhdmi/VideoProcessing_BSD/VideoProcessing_BSD.srcs/sources_1/bd/design_1/ipshared/6039/hdl/lib_srl_fifo_v1_0_rfs.vhd:143]
INFO: [Synth 8-638] synthesizing module 'dynshreg_f__parameterized4' [c:/Xilinx/Prj/Zhdmi/VideoProcessing_BSD/VideoProcessing_BSD.srcs/sources_1/bd/design_1/ipshared/6039/hdl/lib_srl_fifo_v1_0_rfs.vhd:397]
INFO: [Synth 8-256] done synthesizing module 'dynshreg_f__parameterized4' (59#1) [c:/Xilinx/Prj/Zhdmi/VideoProcessing_BSD/VideoProcessing_BSD.srcs/sources_1/bd/design_1/ipshared/6039/hdl/lib_srl_fifo_v1_0_rfs.vhd:397]
INFO: [Synth 8-256] done synthesizing module 'srl_fifo_rbu_f__parameterized4' (59#1) [c:/Xilinx/Prj/Zhdmi/VideoProcessing_BSD/VideoProcessing_BSD.srcs/sources_1/bd/design_1/ipshared/6039/hdl/lib_srl_fifo_v1_0_rfs.vhd:697]
INFO: [Synth 8-256] done synthesizing module 'srl_fifo_f__parameterized4' (59#1) [c:/Xilinx/Prj/Zhdmi/VideoProcessing_BSD/VideoProcessing_BSD.srcs/sources_1/bd/design_1/ipshared/6039/hdl/lib_srl_fifo_v1_0_rfs.vhd:1000]
INFO: [Synth 8-256] done synthesizing module 'axi_datamover_fifo__parameterized4' (59#1) [c:/Xilinx/Prj/Zhdmi/VideoProcessing_BSD/VideoProcessing_BSD.srcs/sources_1/bd/design_1/ipshared/9afd/hdl/axi_datamover_v5_1_vh_rfs.vhd:1881]
INFO: [Synth 8-638] synthesizing module 'axi_datamover_fifo__parameterized5' [c:/Xilinx/Prj/Zhdmi/VideoProcessing_BSD/VideoProcessing_BSD.srcs/sources_1/bd/design_1/ipshared/9afd/hdl/axi_datamover_v5_1_vh_rfs.vhd:1881]
INFO: [Synth 8-638] synthesizing module 'srl_fifo_f__parameterized5' [c:/Xilinx/Prj/Zhdmi/VideoProcessing_BSD/VideoProcessing_BSD.srcs/sources_1/bd/design_1/ipshared/6039/hdl/lib_srl_fifo_v1_0_rfs.vhd:1000]
INFO: [Synth 8-638] synthesizing module 'srl_fifo_rbu_f__parameterized5' [c:/Xilinx/Prj/Zhdmi/VideoProcessing_BSD/VideoProcessing_BSD.srcs/sources_1/bd/design_1/ipshared/6039/hdl/lib_srl_fifo_v1_0_rfs.vhd:697]
INFO: [Synth 8-638] synthesizing module 'dynshreg_f__parameterized5' [c:/Xilinx/Prj/Zhdmi/VideoProcessing_BSD/VideoProcessing_BSD.srcs/sources_1/bd/design_1/ipshared/6039/hdl/lib_srl_fifo_v1_0_rfs.vhd:397]
INFO: [Synth 8-256] done synthesizing module 'dynshreg_f__parameterized5' (59#1) [c:/Xilinx/Prj/Zhdmi/VideoProcessing_BSD/VideoProcessing_BSD.srcs/sources_1/bd/design_1/ipshared/6039/hdl/lib_srl_fifo_v1_0_rfs.vhd:397]
INFO: [Synth 8-256] done synthesizing module 'srl_fifo_rbu_f__parameterized5' (59#1) [c:/Xilinx/Prj/Zhdmi/VideoProcessing_BSD/VideoProcessing_BSD.srcs/sources_1/bd/design_1/ipshared/6039/hdl/lib_srl_fifo_v1_0_rfs.vhd:697]
INFO: [Synth 8-256] done synthesizing module 'srl_fifo_f__parameterized5' (59#1) [c:/Xilinx/Prj/Zhdmi/VideoProcessing_BSD/VideoProcessing_BSD.srcs/sources_1/bd/design_1/ipshared/6039/hdl/lib_srl_fifo_v1_0_rfs.vhd:1000]
INFO: [Synth 8-256] done synthesizing module 'axi_datamover_fifo__parameterized5' (59#1) [c:/Xilinx/Prj/Zhdmi/VideoProcessing_BSD/VideoProcessing_BSD.srcs/sources_1/bd/design_1/ipshared/9afd/hdl/axi_datamover_v5_1_vh_rfs.vhd:1881]
INFO: [Synth 8-256] done synthesizing module 'axi_datamover_wr_status_cntl' (60#1) [c:/Xilinx/Prj/Zhdmi/VideoProcessing_BSD/VideoProcessing_BSD.srcs/sources_1/bd/design_1/ipshared/9afd/hdl/axi_datamover_v5_1_vh_rfs.vhd:17697]
INFO: [Synth 8-638] synthesizing module 'axi_datamover_ibttcc' [c:/Xilinx/Prj/Zhdmi/VideoProcessing_BSD/VideoProcessing_BSD.srcs/sources_1/bd/design_1/ipshared/9afd/hdl/axi_datamover_v5_1_vh_rfs.vhd:25723]
INFO: [Synth 8-256] done synthesizing module 'axi_datamover_ibttcc' (61#1) [c:/Xilinx/Prj/Zhdmi/VideoProcessing_BSD/VideoProcessing_BSD.srcs/sources_1/bd/design_1/ipshared/9afd/hdl/axi_datamover_v5_1_vh_rfs.vhd:25723]
INFO: [Synth 8-638] synthesizing module 'axi_datamover_s2mm_realign' [c:/Xilinx/Prj/Zhdmi/VideoProcessing_BSD/VideoProcessing_BSD.srcs/sources_1/bd/design_1/ipshared/9afd/hdl/axi_datamover_v5_1_vh_rfs.vhd:46998]
INFO: [Synth 8-638] synthesizing module 'axi_datamover_fifo__parameterized6' [c:/Xilinx/Prj/Zhdmi/VideoProcessing_BSD/VideoProcessing_BSD.srcs/sources_1/bd/design_1/ipshared/9afd/hdl/axi_datamover_v5_1_vh_rfs.vhd:1881]
INFO: [Synth 8-638] synthesizing module 'srl_fifo_f__parameterized6' [c:/Xilinx/Prj/Zhdmi/VideoProcessing_BSD/VideoProcessing_BSD.srcs/sources_1/bd/design_1/ipshared/6039/hdl/lib_srl_fifo_v1_0_rfs.vhd:1000]
INFO: [Synth 8-638] synthesizing module 'srl_fifo_rbu_f__parameterized6' [c:/Xilinx/Prj/Zhdmi/VideoProcessing_BSD/VideoProcessing_BSD.srcs/sources_1/bd/design_1/ipshared/6039/hdl/lib_srl_fifo_v1_0_rfs.vhd:697]
INFO: [Synth 8-638] synthesizing module 'dynshreg_f__parameterized6' [c:/Xilinx/Prj/Zhdmi/VideoProcessing_BSD/VideoProcessing_BSD.srcs/sources_1/bd/design_1/ipshared/6039/hdl/lib_srl_fifo_v1_0_rfs.vhd:397]
INFO: [Synth 8-256] done synthesizing module 'dynshreg_f__parameterized6' (61#1) [c:/Xilinx/Prj/Zhdmi/VideoProcessing_BSD/VideoProcessing_BSD.srcs/sources_1/bd/design_1/ipshared/6039/hdl/lib_srl_fifo_v1_0_rfs.vhd:397]
INFO: [Synth 8-256] done synthesizing module 'srl_fifo_rbu_f__parameterized6' (61#1) [c:/Xilinx/Prj/Zhdmi/VideoProcessing_BSD/VideoProcessing_BSD.srcs/sources_1/bd/design_1/ipshared/6039/hdl/lib_srl_fifo_v1_0_rfs.vhd:697]
INFO: [Synth 8-256] done synthesizing module 'srl_fifo_f__parameterized6' (61#1) [c:/Xilinx/Prj/Zhdmi/VideoProcessing_BSD/VideoProcessing_BSD.srcs/sources_1/bd/design_1/ipshared/6039/hdl/lib_srl_fifo_v1_0_rfs.vhd:1000]
INFO: [Synth 8-256] done synthesizing module 'axi_datamover_fifo__parameterized6' (61#1) [c:/Xilinx/Prj/Zhdmi/VideoProcessing_BSD/VideoProcessing_BSD.srcs/sources_1/bd/design_1/ipshared/9afd/hdl/axi_datamover_v5_1_vh_rfs.vhd:1881]
INFO: [Synth 8-638] synthesizing module 'axi_datamover_s2mm_scatter' [c:/Xilinx/Prj/Zhdmi/VideoProcessing_BSD/VideoProcessing_BSD.srcs/sources_1/bd/design_1/ipshared/9afd/hdl/axi_datamover_v5_1_vh_rfs.vhd:45105]
INFO: [Synth 8-638] synthesizing module 'axi_datamover_mssai_skid_buf' [c:/Xilinx/Prj/Zhdmi/VideoProcessing_BSD/VideoProcessing_BSD.srcs/sources_1/bd/design_1/ipshared/9afd/hdl/axi_datamover_v5_1_vh_rfs.vhd:44155]
INFO: [Synth 8-638] synthesizing module 'axi_datamover_ms_strb_set' [c:/Xilinx/Prj/Zhdmi/VideoProcessing_BSD/VideoProcessing_BSD.srcs/sources_1/bd/design_1/ipshared/9afd/hdl/axi_datamover_v5_1_vh_rfs.vhd:42595]
INFO: [Synth 8-256] done synthesizing module 'axi_datamover_ms_strb_set' (62#1) [c:/Xilinx/Prj/Zhdmi/VideoProcessing_BSD/VideoProcessing_BSD.srcs/sources_1/bd/design_1/ipshared/9afd/hdl/axi_datamover_v5_1_vh_rfs.vhd:42595]
INFO: [Synth 8-256] done synthesizing module 'axi_datamover_mssai_skid_buf' (63#1) [c:/Xilinx/Prj/Zhdmi/VideoProcessing_BSD/VideoProcessing_BSD.srcs/sources_1/bd/design_1/ipshared/9afd/hdl/axi_datamover_v5_1_vh_rfs.vhd:44155]
INFO: [Synth 8-638] synthesizing module 'axi_datamover_slice' [c:/Xilinx/Prj/Zhdmi/VideoProcessing_BSD/VideoProcessing_BSD.srcs/sources_1/bd/design_1/ipshared/9afd/hdl/axi_datamover_v5_1_vh_rfs.vhd:44844]
INFO: [Synth 8-256] done synthesizing module 'axi_datamover_slice' (64#1) [c:/Xilinx/Prj/Zhdmi/VideoProcessing_BSD/VideoProcessing_BSD.srcs/sources_1/bd/design_1/ipshared/9afd/hdl/axi_datamover_v5_1_vh_rfs.vhd:44844]
INFO: [Synth 8-638] synthesizing module 'axi_datamover_fifo__parameterized7' [c:/Xilinx/Prj/Zhdmi/VideoProcessing_BSD/VideoProcessing_BSD.srcs/sources_1/bd/design_1/ipshared/9afd/hdl/axi_datamover_v5_1_vh_rfs.vhd:1881]
INFO: [Synth 8-638] synthesizing module 'srl_fifo_f__parameterized7' [c:/Xilinx/Prj/Zhdmi/VideoProcessing_BSD/VideoProcessing_BSD.srcs/sources_1/bd/design_1/ipshared/6039/hdl/lib_srl_fifo_v1_0_rfs.vhd:1000]
INFO: [Synth 8-638] synthesizing module 'srl_fifo_rbu_f__parameterized7' [c:/Xilinx/Prj/Zhdmi/VideoProcessing_BSD/VideoProcessing_BSD.srcs/sources_1/bd/design_1/ipshared/6039/hdl/lib_srl_fifo_v1_0_rfs.vhd:697]
INFO: [Synth 8-638] synthesizing module 'cntr_incr_decr_addn_f__parameterized1' [c:/Xilinx/Prj/Zhdmi/VideoProcessing_BSD/VideoProcessing_BSD.srcs/sources_1/bd/design_1/ipshared/6039/hdl/lib_srl_fifo_v1_0_rfs.vhd:143]
INFO: [Synth 8-256] done synthesizing module 'cntr_incr_decr_addn_f__parameterized1' (64#1) [c:/Xilinx/Prj/Zhdmi/VideoProcessing_BSD/VideoProcessing_BSD.srcs/sources_1/bd/design_1/ipshared/6039/hdl/lib_srl_fifo_v1_0_rfs.vhd:143]
INFO: [Synth 8-638] synthesizing module 'dynshreg_f__parameterized7' [c:/Xilinx/Prj/Zhdmi/VideoProcessing_BSD/VideoProcessing_BSD.srcs/sources_1/bd/design_1/ipshared/6039/hdl/lib_srl_fifo_v1_0_rfs.vhd:397]
INFO: [Synth 8-256] done synthesizing module 'dynshreg_f__parameterized7' (64#1) [c:/Xilinx/Prj/Zhdmi/VideoProcessing_BSD/VideoProcessing_BSD.srcs/sources_1/bd/design_1/ipshared/6039/hdl/lib_srl_fifo_v1_0_rfs.vhd:397]
INFO: [Synth 8-256] done synthesizing module 'srl_fifo_rbu_f__parameterized7' (64#1) [c:/Xilinx/Prj/Zhdmi/VideoProcessing_BSD/VideoProcessing_BSD.srcs/sources_1/bd/design_1/ipshared/6039/hdl/lib_srl_fifo_v1_0_rfs.vhd:697]
INFO: [Synth 8-256] done synthesizing module 'srl_fifo_f__parameterized7' (64#1) [c:/Xilinx/Prj/Zhdmi/VideoProcessing_BSD/VideoProcessing_BSD.srcs/sources_1/bd/design_1/ipshared/6039/hdl/lib_srl_fifo_v1_0_rfs.vhd:1000]
INFO: [Synth 8-256] done synthesizing module 'axi_datamover_fifo__parameterized7' (64#1) [c:/Xilinx/Prj/Zhdmi/VideoProcessing_BSD/VideoProcessing_BSD.srcs/sources_1/bd/design_1/ipshared/9afd/hdl/axi_datamover_v5_1_vh_rfs.vhd:1881]
INFO: [Synth 8-256] done synthesizing module 'axi_datamover_s2mm_scatter' (65#1) [c:/Xilinx/Prj/Zhdmi/VideoProcessing_BSD/VideoProcessing_BSD.srcs/sources_1/bd/design_1/ipshared/9afd/hdl/axi_datamover_v5_1_vh_rfs.vhd:45105]
INFO: [Synth 8-256] done synthesizing module 'axi_datamover_s2mm_realign' (66#1) [c:/Xilinx/Prj/Zhdmi/VideoProcessing_BSD/VideoProcessing_BSD.srcs/sources_1/bd/design_1/ipshared/9afd/hdl/axi_datamover_v5_1_vh_rfs.vhd:46998]
INFO: [Synth 8-638] synthesizing module 'axi_datamover_indet_btt' [c:/Xilinx/Prj/Zhdmi/VideoProcessing_BSD/VideoProcessing_BSD.srcs/sources_1/bd/design_1/ipshared/9afd/hdl/axi_datamover_v5_1_vh_rfs.vhd:28422]
INFO: [Synth 8-638] synthesizing module 'axi_datamover_stbs_set' [c:/Xilinx/Prj/Zhdmi/VideoProcessing_BSD/VideoProcessing_BSD.srcs/sources_1/bd/design_1/ipshared/9afd/hdl/axi_datamover_v5_1_vh_rfs.vhd:23402]
INFO: [Synth 8-256] done synthesizing module 'axi_datamover_stbs_set' (67#1) [c:/Xilinx/Prj/Zhdmi/VideoProcessing_BSD/VideoProcessing_BSD.srcs/sources_1/bd/design_1/ipshared/9afd/hdl/axi_datamover_v5_1_vh_rfs.vhd:23402]
INFO: [Synth 8-638] synthesizing module 'axi_datamover_sfifo_autord' [c:/Xilinx/Prj/Zhdmi/VideoProcessing_BSD/VideoProcessing_BSD.srcs/sources_1/bd/design_1/ipshared/9afd/hdl/axi_datamover_v5_1_vh_rfs.vhd:1294]
INFO: [Synth 8-638] synthesizing module 'sync_fifo_fg' [c:/Xilinx/Prj/Zhdmi/VideoProcessing_BSD/VideoProcessing_BSD.srcs/sources_1/bd/design_1/ipshared/c387/hdl/lib_fifo_v1_0_rfs.vhd:2097]
INFO: [Synth 8-256] done synthesizing module 'sync_fifo_fg' (83#1) [c:/Xilinx/Prj/Zhdmi/VideoProcessing_BSD/VideoProcessing_BSD.srcs/sources_1/bd/design_1/ipshared/c387/hdl/lib_fifo_v1_0_rfs.vhd:2097]
INFO: [Synth 8-256] done synthesizing module 'axi_datamover_sfifo_autord' (84#1) [c:/Xilinx/Prj/Zhdmi/VideoProcessing_BSD/VideoProcessing_BSD.srcs/sources_1/bd/design_1/ipshared/9afd/hdl/axi_datamover_v5_1_vh_rfs.vhd:1294]
INFO: [Synth 8-638] synthesizing module 'axi_datamover_sfifo_autord__parameterized0' [c:/Xilinx/Prj/Zhdmi/VideoProcessing_BSD/VideoProcessing_BSD.srcs/sources_1/bd/design_1/ipshared/9afd/hdl/axi_datamover_v5_1_vh_rfs.vhd:1294]
INFO: [Synth 8-638] synthesizing module 'sync_fifo_fg__parameterized0' [c:/Xilinx/Prj/Zhdmi/VideoProcessing_BSD/VideoProcessing_BSD.srcs/sources_1/bd/design_1/ipshared/c387/hdl/lib_fifo_v1_0_rfs.vhd:2097]
INFO: [Synth 8-256] done synthesizing module 'sync_fifo_fg__parameterized0' (93#1) [c:/Xilinx/Prj/Zhdmi/VideoProcessing_BSD/VideoProcessing_BSD.srcs/sources_1/bd/design_1/ipshared/c387/hdl/lib_fifo_v1_0_rfs.vhd:2097]
INFO: [Synth 8-256] done synthesizing module 'axi_datamover_sfifo_autord__parameterized0' (93#1) [c:/Xilinx/Prj/Zhdmi/VideoProcessing_BSD/VideoProcessing_BSD.srcs/sources_1/bd/design_1/ipshared/9afd/hdl/axi_datamover_v5_1_vh_rfs.vhd:1294]
INFO: [Synth 8-638] synthesizing module 'axi_datamover_stbs_set__parameterized0' [c:/Xilinx/Prj/Zhdmi/VideoProcessing_BSD/VideoProcessing_BSD.srcs/sources_1/bd/design_1/ipshared/9afd/hdl/axi_datamover_v5_1_vh_rfs.vhd:23402]
INFO: [Synth 8-256] done synthesizing module 'axi_datamover_stbs_set__parameterized0' (93#1) [c:/Xilinx/Prj/Zhdmi/VideoProcessing_BSD/VideoProcessing_BSD.srcs/sources_1/bd/design_1/ipshared/9afd/hdl/axi_datamover_v5_1_vh_rfs.vhd:23402]
INFO: [Synth 8-638] synthesizing module 'axi_datamover_skid_buf' [c:/Xilinx/Prj/Zhdmi/VideoProcessing_BSD/VideoProcessing_BSD.srcs/sources_1/bd/design_1/ipshared/9afd/hdl/axi_datamover_v5_1_vh_rfs.vhd:19492]
INFO: [Synth 8-256] done synthesizing module 'axi_datamover_skid_buf' (94#1) [c:/Xilinx/Prj/Zhdmi/VideoProcessing_BSD/VideoProcessing_BSD.srcs/sources_1/bd/design_1/ipshared/9afd/hdl/axi_datamover_v5_1_vh_rfs.vhd:19492]
INFO: [Synth 8-256] done synthesizing module 'axi_datamover_indet_btt' (95#1) [c:/Xilinx/Prj/Zhdmi/VideoProcessing_BSD/VideoProcessing_BSD.srcs/sources_1/bd/design_1/ipshared/9afd/hdl/axi_datamover_v5_1_vh_rfs.vhd:28422]
INFO: [Synth 8-638] synthesizing module 'axi_datamover_addr_cntl__parameterized0' [c:/Xilinx/Prj/Zhdmi/VideoProcessing_BSD/VideoProcessing_BSD.srcs/sources_1/bd/design_1/ipshared/9afd/hdl/axi_datamover_v5_1_vh_rfs.vhd:9995]
INFO: [Synth 8-256] done synthesizing module 'axi_datamover_addr_cntl__parameterized0' (95#1) [c:/Xilinx/Prj/Zhdmi/VideoProcessing_BSD/VideoProcessing_BSD.srcs/sources_1/bd/design_1/ipshared/9afd/hdl/axi_datamover_v5_1_vh_rfs.vhd:9995]
INFO: [Synth 8-638] synthesizing module 'axi_datamover_wrdata_cntl' [c:/Xilinx/Prj/Zhdmi/VideoProcessing_BSD/VideoProcessing_BSD.srcs/sources_1/bd/design_1/ipshared/9afd/hdl/axi_datamover_v5_1_vh_rfs.vhd:15669]
INFO: [Synth 8-638] synthesizing module 'axi_datamover_strb_gen2__parameterized1' [c:/Xilinx/Prj/Zhdmi/VideoProcessing_BSD/VideoProcessing_BSD.srcs/sources_1/bd/design_1/ipshared/9afd/hdl/axi_datamover_v5_1_vh_rfs.vhd:4337]
INFO: [Synth 8-256] done synthesizing module 'axi_datamover_strb_gen2__parameterized1' (95#1) [c:/Xilinx/Prj/Zhdmi/VideoProcessing_BSD/VideoProcessing_BSD.srcs/sources_1/bd/design_1/ipshared/9afd/hdl/axi_datamover_v5_1_vh_rfs.vhd:4337]
INFO: [Synth 8-638] synthesizing module 'axi_datamover_fifo__parameterized8' [c:/Xilinx/Prj/Zhdmi/VideoProcessing_BSD/VideoProcessing_BSD.srcs/sources_1/bd/design_1/ipshared/9afd/hdl/axi_datamover_v5_1_vh_rfs.vhd:1881]
INFO: [Synth 8-638] synthesizing module 'srl_fifo_f__parameterized8' [c:/Xilinx/Prj/Zhdmi/VideoProcessing_BSD/VideoProcessing_BSD.srcs/sources_1/bd/design_1/ipshared/6039/hdl/lib_srl_fifo_v1_0_rfs.vhd:1000]
INFO: [Synth 8-638] synthesizing module 'srl_fifo_rbu_f__parameterized8' [c:/Xilinx/Prj/Zhdmi/VideoProcessing_BSD/VideoProcessing_BSD.srcs/sources_1/bd/design_1/ipshared/6039/hdl/lib_srl_fifo_v1_0_rfs.vhd:697]
INFO: [Synth 8-638] synthesizing module 'dynshreg_f__parameterized8' [c:/Xilinx/Prj/Zhdmi/VideoProcessing_BSD/VideoProcessing_BSD.srcs/sources_1/bd/design_1/ipshared/6039/hdl/lib_srl_fifo_v1_0_rfs.vhd:397]
INFO: [Synth 8-256] done synthesizing module 'dynshreg_f__parameterized8' (95#1) [c:/Xilinx/Prj/Zhdmi/VideoProcessing_BSD/VideoProcessing_BSD.srcs/sources_1/bd/design_1/ipshared/6039/hdl/lib_srl_fifo_v1_0_rfs.vhd:397]
INFO: [Synth 8-256] done synthesizing module 'srl_fifo_rbu_f__parameterized8' (95#1) [c:/Xilinx/Prj/Zhdmi/VideoProcessing_BSD/VideoProcessing_BSD.srcs/sources_1/bd/design_1/ipshared/6039/hdl/lib_srl_fifo_v1_0_rfs.vhd:697]
INFO: [Synth 8-256] done synthesizing module 'srl_fifo_f__parameterized8' (95#1) [c:/Xilinx/Prj/Zhdmi/VideoProcessing_BSD/VideoProcessing_BSD.srcs/sources_1/bd/design_1/ipshared/6039/hdl/lib_srl_fifo_v1_0_rfs.vhd:1000]
INFO: [Synth 8-256] done synthesizing module 'axi_datamover_fifo__parameterized8' (95#1) [c:/Xilinx/Prj/Zhdmi/VideoProcessing_BSD/VideoProcessing_BSD.srcs/sources_1/bd/design_1/ipshared/9afd/hdl/axi_datamover_v5_1_vh_rfs.vhd:1881]
INFO: [Synth 8-256] done synthesizing module 'axi_datamover_wrdata_cntl' (96#1) [c:/Xilinx/Prj/Zhdmi/VideoProcessing_BSD/VideoProcessing_BSD.srcs/sources_1/bd/design_1/ipshared/9afd/hdl/axi_datamover_v5_1_vh_rfs.vhd:15669]
INFO: [Synth 8-638] synthesizing module 'axi_datamover_skid2mm_buf' [c:/Xilinx/Prj/Zhdmi/VideoProcessing_BSD/VideoProcessing_BSD.srcs/sources_1/bd/design_1/ipshared/9afd/hdl/axi_datamover_v5_1_vh_rfs.vhd:18990]
INFO: [Synth 8-638] synthesizing module 'axi_datamover_wr_demux' [c:/Xilinx/Prj/Zhdmi/VideoProcessing_BSD/VideoProcessing_BSD.srcs/sources_1/bd/design_1/ipshared/9afd/hdl/axi_datamover_v5_1_vh_rfs.vhd:14112]
INFO: [Synth 8-256] done synthesizing module 'axi_datamover_wr_demux' (97#1) [c:/Xilinx/Prj/Zhdmi/VideoProcessing_BSD/VideoProcessing_BSD.srcs/sources_1/bd/design_1/ipshared/9afd/hdl/axi_datamover_v5_1_vh_rfs.vhd:14112]
INFO: [Synth 8-256] done synthesizing module 'axi_datamover_skid2mm_buf' (98#1) [c:/Xilinx/Prj/Zhdmi/VideoProcessing_BSD/VideoProcessing_BSD.srcs/sources_1/bd/design_1/ipshared/9afd/hdl/axi_datamover_v5_1_vh_rfs.vhd:18990]
INFO: [Synth 8-256] done synthesizing module 'axi_datamover_s2mm_full_wrap' (99#1) [c:/Xilinx/Prj/Zhdmi/VideoProcessing_BSD/VideoProcessing_BSD.srcs/sources_1/bd/design_1/ipshared/9afd/hdl/axi_datamover_v5_1_vh_rfs.vhd:49982]
INFO: [Synth 8-256] done synthesizing module 'axi_datamover' (100#1) [c:/Xilinx/Prj/Zhdmi/VideoProcessing_BSD/VideoProcessing_BSD.srcs/sources_1/bd/design_1/ipshared/9afd/hdl/axi_datamover_v5_1_vh_rfs.vhd:55410]
INFO: [Synth 8-256] done synthesizing module 'axi_vdma' (101#1) [c:/Xilinx/Prj/Zhdmi/VideoProcessing_BSD/VideoProcessing_BSD.srcs/sources_1/bd/design_1/ipshared/47ae/hdl/axi_vdma_v6_3_rfs.vhd:69480]
INFO: [Synth 8-256] done synthesizing module 'design_1_axi_vdma_0_0' (102#1) [c:/Xilinx/Prj/Zhdmi/VideoProcessing_BSD/VideoProcessing_BSD.srcs/sources_1/bd/design_1/ip/design_1_axi_vdma_0_0/synth/design_1_axi_vdma_0_0.vhd:131]
Finished RTL Elaboration : Time (s): cpu = 00:04:29 ; elapsed = 00:04:40 . Memory (MB): peak = 719.020 ; gain = 474.789
Finished RTL Optimization Phase 1 : Time (s): cpu = 00:04:30 ; elapsed = 00:04:41 . Memory (MB): peak = 719.020 ; gain = 474.789
INFO: [Device 21-403] Loading part xc7z010clg400-1
Constraint Validation Runtime : Time (s): cpu = 00:00:01 ; elapsed = 00:00:00.150 . Memory (MB): peak = 827.383 ; gain = 1.098
Finished Constraint Validation : Time (s): cpu = 00:04:44 ; elapsed = 00:04:55 . Memory (MB): peak = 827.383 ; gain = 583.152
Finished Loading Part and Timing Information : Time (s): cpu = 00:04:44 ; elapsed = 00:04:55 . Memory (MB): peak = 827.383 ; gain = 583.152
Finished applying 'set_property' XDC Constraints : Time (s): cpu = 00:04:44 ; elapsed = 00:04:55 . Memory (MB): peak = 827.383 ; gain = 583.152
Finished RTL Optimization Phase 2 : Time (s): cpu = 00:04:51 ; elapsed = 00:05:03 . Memory (MB): peak = 827.383 ; gain = 583.152
Finished Cross Boundary and Area Optimization : Time (s): cpu = 00:05:05 ; elapsed = 00:05:20 . Memory (MB): peak = 827.383 ; gain = 583.152
---------------------------------------------------------------------------------
Start ROM, RAM, DSP and Shift Register Reporting
---------------------------------------------------------------------------------

Distributed RAM: Preliminary Mapping  Report (see note below)
+---------------------+---------------------------------------------------------------------------------------------------------------------------------------------------------------------------------------------------------------------------------+----------------+----------------------+--------------+
|Module Name          | RTL Object                                                                                                                                                                                                                      | Inference      | Size (Depth x Width) | Primitives   | 
+---------------------+---------------------------------------------------------------------------------------------------------------------------------------------------------------------------------------------------------------------------------+----------------+----------------------+--------------+
|U0/I_PRMRY_DATAMOVER | GEN_S2MM_FULL.I_S2MM_FULL_WRAPPER/GEN_ENABLE_INDET_BTT_SF.I_INDET_BTT/I_XD_FIFO/NON_BLK_MEM.I_SYNC_FIFOGEN_FIFO/FAMILY_SUPPORTED.I_SYNC_FIFO_BRAM/inst_fifo_gen/gconvfifo.rf/grf.rf/gntv_or_sync_fifo.mem/gdm.dm_gen.dm/RAM_reg | User Attribute | 8 x 11               | RAM32M x 2   | 
+---------------------+---------------------------------------------------------------------------------------------------------------------------------------------------------------------------------------------------------------------------------+----------------+----------------------+--------------+

Note: The table above is a preliminary report that shows the Distributed RAMs at the current stage of the synthesis flow. Some Distributed RAMs may be reimplemented as non Distributed RAM primitives later in the synthesis flow. Multiple instantiated RAMs are reported only once.
---------------------------------------------------------------------------------
Finished ROM, RAM, DSP and Shift Register Reporting
---------------------------------------------------------------------------------
Finished Applying XDC Timing Constraints : Time (s): cpu = 00:05:15 ; elapsed = 00:05:30 . Memory (MB): peak = 827.383 ; gain = 583.152
Finished Timing Optimization : Time (s): cpu = 00:05:19 ; elapsed = 00:05:34 . Memory (MB): peak = 871.234 ; gain = 627.004
Finished Technology Mapping : Time (s): cpu = 00:05:22 ; elapsed = 00:05:37 . Memory (MB): peak = 911.590 ; gain = 667.359
Finished IO Insertion : Time (s): cpu = 00:05:23 ; elapsed = 00:05:38 . Memory (MB): peak = 911.590 ; gain = 667.359
Finished Renaming Generated Instances : Time (s): cpu = 00:05:23 ; elapsed = 00:05:38 . Memory (MB): peak = 911.590 ; gain = 667.359
Finished Rebuilding User Hierarchy : Time (s): cpu = 00:05:24 ; elapsed = 00:05:39 . Memory (MB): peak = 911.590 ; gain = 667.359
Finished Renaming Generated Ports : Time (s): cpu = 00:05:24 ; elapsed = 00:05:39 . Memory (MB): peak = 911.590 ; gain = 667.359
Finished Handling Custom Attributes : Time (s): cpu = 00:05:24 ; elapsed = 00:05:39 . Memory (MB): peak = 911.590 ; gain = 667.359
Finished Renaming Generated Nets : Time (s): cpu = 00:05:24 ; elapsed = 00:05:39 . Memory (MB): peak = 911.590 ; gain = 667.359

Report Cell Usage: 
+------+---------+------+
|      |Cell     |Count |
+------+---------+------+
|1     |CARRY4   |    89|
|2     |FIFO36E1 |    10|
|3     |LUT1     |   214|
|4     |LUT2     |   389|
|5     |LUT3     |   545|
|6     |LUT4     |   386|
|7     |LUT5     |   528|
|8     |LUT6     |   694|
|9     |MUXF7    |     2|
|10    |RAM32M   |     2|
|11    |RAMB18E1 |     1|
|12    |RAMB36E1 |     1|
|13    |SRL16E   |   288|
|14    |FDPE     |    10|
|15    |FDR      |   319|
|16    |FDRE     |  3846|
|17    |FDSE     |    99|
+------+---------+------+
Finished Writing Synthesis Report : Time (s): cpu = 00:05:24 ; elapsed = 00:05:39 . Memory (MB): peak = 911.590 ; gain = 667.359
synth_design: Time (s): cpu = 00:05:29 ; elapsed = 00:05:44 . Memory (MB): peak = 911.590 ; gain = 670.770
